Namespace(add_builder_utterances=False, all_splits=False, base_vocab_dir='../vocabulary/', data_path='../data/logs/', embed_size=300, lower=True, oov_as_unk=False, seed=1234, threshold=2, use_builder_action_tokens=False, use_speaker_tokens=True, vector_filename='../embeddings/glove/glove.42B.300d.txt', verbose=True, vocab_name='../vocabulary/glove.42B.300d-lower-2r-speaker-train_split-architect_only/')
Building vocabulary.
	data path: ../data/logs/ 
	embeddings file: ../embeddings/glove/glove.42B.300d.txt 
	embedding size: 300 
	use speaker tokens: True 
	use builder action tokens: False 
	add words: True 
	lowercase: True 
	rare word threshold: 2 


Tokenizations fixed: {'2x4 -> 2 x 4', '3x2 -> 3 x 2', '3x4 -> 3 x 4', 'edge* -> edge *', '1x3 -> 1 x 3', '3x3x3 -> 3 x 3 x 3', '5x3 -> 5 x 3', '1x4 -> 1 x 4', 'wide.. -> wide ..', 'yellow* -> yellow *', '*mirrored -> * mirrored', 'on* -> on *', 'rectangle* -> rectangle *', 'ground* -> ground *', 'other.. -> other ..', '9x1 -> 9 x 1', '4x4 -> 4 x 4', 'row* -> row *', '1x6 -> 1 x 6', 'red* -> red *', '7x7 -> 7 x 7', 'bottom* -> bottom *', '9x9 -> 9 x 9', 'block* -> block *', '*yup -> * yup', '5x5, -> 5 x 5,', '*forward -> * forward', '7x5 -> 7 x 5', '3x7 -> 3 x 7', "*you're -> * you're", '2x3 -> 2 x 3', '5x4 -> 5 x 4', 'purple* -> purple *', 'arrow.. -> arrow ..', '3x1 -> 3 x 1', '9x3x4 -> 9 x 3 x 4', 'you* -> you *', '3x3 -> 3 x 3', 'out.. -> out ..', '2x1 -> 2 x 1', '1x2 -> 1 x 2', '4x3 -> 4 x 3', '2x2 -> 2 x 2', '5x5x5 -> 5 x 5 x 5', '3x6 -> 3 x 6', '5x1 -> 5 x 1', '*oh -> * oh', 'degrees* -> degrees *', '4x1 -> 4 x 1', '5x5 -> 5 x 5', '4x1s... -> 4 x 1s...', 'writing* -> writing *', 's&* -> s& *', 'worries* -> worries *', '8x7 -> 8 x 7', '9x7 -> 9 x 7', '3x5 -> 3 x 5', '*in -> * in', 'its* -> its *', '5x9 -> 5 x 9', '3x3x2 -> 3 x 3 x 2', '*actually -> * actually', 'orange* -> orange *', 'build* -> build *', '2x2x2 -> 2 x 2 x 2', '11x1x4 -> 11 x 1 x 4', '5x6 -> 5 x 6'} 


Loading word embedding vectors from ../embeddings/glove/glove.42B.300d.txt ...

Adding OOV vectors ...

749 of 1743 total word types (43.0%) in the train set were treated as unk, as they did not meet the rare word threshold (2).
There are 749 total rare word tokens out of 54976 total tokens (1.4%).
Added 8 OOV word types to vocabulary, out of a total of 1743 word types in the train set (0.5%).
There are 50 total OOV tokens out of 54976 total tokens (0.1%).

OOV words: {"'t", '..', 'yellow-red-purple', 'verticie', 'goodj', "'l", '*', "'a"} 

There are 656 UNK utterances out of 6559 total utterances (10.0%).

0: <pad>
1: <dialogue>
2: </dialogue>
3: <architect>
4: </architect>
5: <builder>
6: </builder>
7: ,
8: the
9: .
10: and
11: to
12: of
13: a
14: in
15: is
16: for
17: :
18: i
19: )
20: that
21: (
22: you
23: it
24: on
25: -
26: with
27: 's
28: this
29: by
30: are
31: at
32: as
33: be
34: from
35: have
36: was
37: or
38: your
39: not
40: ...
41: we
42: !
43: but
44: ?
45: all
46: will
47: an
48: my
49: can
50: they
51: n't
52: do
53: he
54: more
55: if
56: one
57: has
58: so
59: about
60: new
61: what
62: his
63: there
64: up
65: out
66: ;
67: their
68: our
69: '
70: like
71: when
72: $
73: just
74: time
75: me
76: which
77: no
78: would
79: 1
80: some
81: get
82: also
83: other
84: how
85: may
86: had
87: am
88: been
89: 2
90: were
91: them
92: any
93: now
94: only
95: first
96: than
97: good
98: into
99: its
100: these
101: see
102: here
103: make
104: 3
105: very
106: over
107: most
108: then
109: know
110: said
111: after
112: well
113: use
114: two
115: did
116: could
117: great
118: free
119: many
120: back
121: way
122: work
123: 'm
124: should
125: even
126: think
127: does
128: where
129: 4
130: go
131: need
132: last
133: find
134: =
135: really
136: through
137: want
138: 5
139: right
140: take
141: such
142: made
143: those
144: before
145: being
146: off
147: 're
148: too
149: still
150: 've
151: down
152: going
153: part
154: each
155: little
156: high
157: look
158: around
159: same
160: game
161: read
162: long
163: 6
164: every
165: next
166: 'll
167: say
168: got
169: both
170: under
171: top
172: set
173: another
174: since
175: things
176: place
177: using
178: better
179: never
180: please
181: come
182: big
183: s
184: something
185: number
186: few
187: 7
188: ca
189: between
190: name
191: view
192: without
193: old
194: three
195: 8
196: man
197: again
198: end
199: different
200: looking
201: sure
202: give
203: times
204: let
205: area
206: keep
207: small
208: including
209: x
210: thing
211: put
212: design
213: might
214: white
215: point
216: second
217: says
218: case
219: away
220: start
221: left
222: center
223: line
224: thanks
225: 9
226: open
227: room
228: though
229: product
230: making
231: add
232: check
233: job
234: 'd
235: once
236: hard
237: within
238: until
239: try
240: side
241: working
242: yet
243: body
244: easy
245: done
246: person
247: actually
248: less
249: enough
250: following
251: makes
252: per
253: doing
254: size
255: air
256: red
257: thought
258: nice
259: run
260: type
261: bad
262: far
263: head
264: problem
265: already
266: process
267: hot
268: level
269: needs
270: others
271: started
272: form
273: anything
274: bit
275: tell
276: pretty
277: four
278: hand
279: yes
280: everything
281: green
282: single
283: along
284: added
285: believe
286: below
287: current
288: nothing
289: beautiful
290: kind
291: board
292: question
293: front
294: probably
295: short
296: above
297: create
298: whole
299: blue
300: either
301: near
302: parts
303: building
304: c
305: face
306: maybe
307: mind
308: thank
309: close
310: complete
311: main
312: later
313: idea
314: works
315: perfect
316: total
317: looks
318: almost
319: original
320: space
321: quite
322: stop
323: posts
324: oh
325: box
326: color
327: b
328: coming
329: five
330: mean
331: seems
332: across
333: word
334: remember
335: leave
336: else
337: stay
338: turn
339: move
340: star
341: continue
342: running
343: m
344: meet
345: follow
346: t
347: plus
348: guy
349: d
350: instead
351: clear
352: couple
353: recent
354: currently
355: table
356: stuff
357: matter
358: inside
359: needed
360: final
361: behind
362: third
363: u
364: cool
365: located
366: takes
367: position
368: similar
369: hit
370: cut
371: yourself
372: e
373: fine
374: rest
375: goes
376: wrong
377: outside
378: ready
379: sign
380: longer
381: recently
382: finally
383: previous
384: map
385: step
386: w
387: mark
388: bar
389: forward
390: additional
391: wall
392: excellent
393: wait
394: build
395: sense
396: lol
397: huge
398: six
399: brown
400: super
401: eyes
402: wide
403: hold
404: higher
405: round
406: lower
407: starting
408: piece
409: middle
410: base
411: entire
412: camera
413: ones
414: double
415: unit
416: fit
417: moving
418: ok
419: awesome
420: built
421: floor
422: environment
423: gave
424: walk
425: plans
426: ground
427: feet
428: guess
429: stand
430: break
431: dead
432: completely
433: sorry
434: fashion
435: cup
436: pick
437: places
438: looked
439: difficult
440: exactly
441: sounds
442: im
443: numbers
444: l
445: figure
446: touch
447: levels
448: lines
449: overall
450: yeah
451: window
452: sort
453: o
454: dont
455: directly
456: beginning
457: tree
458: whatever
459: approach
460: bottom
461: copy
462: uses
463: 1st
464: reference
465: coffee
466: letter
467: hi
468: finish
469: begin
470: length
471: helps
472: straight
473: hey
474: square
475: towards
476: ring
477: surface
478: capital
479: v
480: remove
481: block
482: reach
483: cross
484: h
485: 2nd
486: anyway
487: except
488: earlier
489: moved
490: seven
491: finished
492: animal
493: b.
494: actual
495: yellow
496: serve
497: mission
498: 90
499: spot
500: otherwise
501: colors
502: easier
503: onto
504: correct
505: structure
506: complex
507: flowers
508: walking
509: ahead
510: steps
511: edge
512: frame
513: pieces
514: foot
515: handle
516: none
517: larger
518: forms
519: flat
520: k
521: y
522: direction
523: keeping
524: followed
525: 3rd
526: 3d
527: chicken
528: fantastic
529: mostly
530: missing
531: orange
532: existing
533: shape
534: corner
535: highest
536: bridge
537: starts
538: meaning
539: switch
540: imagine
541: fill
542: units
543: leaving
544: object
545: indeed
546: placed
547: toward
548: fix
549: arms
550: bear
551: adding
552: separate
553: upper
554: pattern
555: sitting
556: leaves
557: platform
558: signs
559: fly
560: ends
561: meant
562: anywhere
563: standing
564: 4th
565: stick
566: explain
567: raised
568: unfortunately
569: okay
570: realize
571: height
572: sky
573: connect
574: hello
575: connected
576: thats
577: removed
578: tough
579: fourth
580: plate
581: initial
582: arm
583: flower
584: supposed
585: twice
586: layer
587: hole
588: letters
589: portion
590: random
591: bird
592: basically
593: instructions
594: toys
595: apart
596: lets
597: somewhere
598: shoot
599: replace
600: sides
601: ya
602: neck
603: colour
604: row
605: legs
606: drawing
607: closer
608: matters
609: 5th
610: degrees
611: till
612: perspective
613: leg
614: attached
615: perfectly
616: mouse
617: t.
618: stands
619: haha
620: directions
621: follows
622: giant
623: mirror
624: bunch
625: z
626: tower
627: roof
628: tall
629: shift
630: sec
631: branch
632: rings
633: exact
634: lies
635: purple
636: abstract
637: faces
638: empty
639: inner
640: 6th
641: describe
642: blues
643: facing
644: weird
645: column
646: plane
647: broke
648: checking
649: lowest
650: lie
651: blocks
652: gate
653: castle
654: lay
655: opposite
656: hang
657: width
658: plot
659: relative
660: broad
661: slide
662: hanging
663: nose
664: mistake
665: rid
666: dot
667: kinda
668: newest
669: ill
670: shadow
671: harder
672: holes
673: reverse
674: angle
675: loop
676: gap
677: repeat
678: reflect
679: delete
680: laid
681: odd
682: wing
683: structures
684: forgot
685: fault
686: wings
687: cherry
688: ah
689: spaces
690: extend
691: na
692: essentially
693: vertical
694: skip
695: tail
696: barely
697: outer
698: btw
699: colored
700: complicated
701: ears
702: lying
703: parallel
704: blank
705: respectively
706: layers
707: tops
708: connecting
709: stem
710: grid
711: tile
712: spell
713: stack
714: punch
715: twist
716: annoying
717: brick
718: sixth
719: artistic
720: robot
721: 180
722: um
723: snap
724: shapes
725: 2d
726: colorful
727: edges
728: rainbow
729: doesnt
730: forming
731: ye
732: placing
733: floating
734: sits
735: builder
736: yea
737: preferably
738: beneath
739: switching
740: pointing
741: closest
742: confusion
743: differently
744: lined
745: adjacent
746: corners
747: butterfly
748: waist
749: shorter
750: horizontal
751: precisely
752: ralph
753: separated
754: rim
755: offset
756: specify
757: banana
758: reset
759: orientation
760: suspended
761: knock
762: alright
763: correction
764: anyways
765: towers
766: touching
767: stairs
768: uh
769: yep
770: greens
771: yay
772: columns
773: extends
774: translate
775: ``
776: extending
777: float
778: arch
779: consisting
780: confusing
781: hmm
782: hollow
783: underneath
784: triangle
785: tiles
786: attach
787: rows
788: temp
789: oriented
790: flush
791: cube
792: worries
793: pretend
794: sticking
795: touches
796: straps
797: ladder
798: dancer
799: mickey
800: lone
801: backpack
802: backwards
803: theres
804: upside
805: apologize
806: elbow
807: coordinate
808: closes
809: tricky
810: coordinates
811: nope
812: centered
813: halfway
814: spiral
815: oops
816: clarify
817: upright
818: torch
819: throne
820: ou
821: reds
822: squares
823: gaps
824: pyramid
825: youre
826: yup
827: fills
828: footprint
829: vague
830: shifted
831: upward
832: rotate
833: ornaments
834: vase
835: crosses
836: stacked
837: messed
838: aligned
839: backward
840: downward
841: bricks
842: rectangle
843: curl
844: nah
845: teh
846: upwards
847: cubes
848: tripod
849: taller
850: perimeter
851: foo
852: pillar
853: blueprint
854: stacks
855: overlap
856: outward
857: ahh
858: smiley
859: oranges
860: arent
861: pillars
862: spaced
863: vertically
864: sideways
865: err
866: staircase
867: flipped
868: alternating
869: replicate
870: floats
871: curling
872: diagonal
873: sorta
874: dotted
875: placeholder
876: ob
877: mirrored
878: mimic
879: symmetry
880: inward
881: gg
882: stair
883: torso
884: arches
885: angled
886: yikes
887: horizontally
888: obnoxious
889: spout
890: rotated
891: trajectory
892: donut
893: dangling
894: perpendicular
895: asterisk
896: windmill
897: eiffel
898: nevermind
899: hump
900: railing
901: clockwise
902: tilted
903: tetris
904: teapot
905: stairway
906: symmetrical
907: gon
908: whoops
909: interlocking
910: xyz
911: symmetric
912: uhh
913: mea
914: downwards
915: farthest
916: infront
917: mirroring
918: zig
919: slanted
920: furthest
921: concentric
922: diagonally
923: ''
924: endpoints
925: bock
926: perf
927: upside-down
928: lowercase
929: yellows
930: loner
931: inbetween
932: wonky
933: checkerboard
934: nvm
935: zag
936: lunge
937: jsut
938: antennae
939: outwards
940: innermost
941: taht
942: seperated
943: liek
944: staircases
945: hte
946: inwards
947: lem
948: outermost
949: purples
950: overhanging
951: topmost
952: jutting
953: aight
954: blocky
955: gree
956: ontop
957: alrighty
958: yello
959: colum
960: diagonals
961: leftmost
962: 2.
963: witht
964: rightmost
965: seperating
966: purp
967: righthand
968: sqaure
969: onw
970: left-most
971: symetrical
972: paralell
973: right-most
974: parrallel
975: yelow
976: puple
977: miscounted
978: paralel
979: bottommost
980: centermost
981: symetric
982: stairstep
983: towrds
984: gorund
985: vertically-oriented
986: hsould
987: veritcal
988: underneat
989: endmost
990: blcok
991: diagnol
992: 1-gap
993: <unk>
994: *
995: yellow-red-purple
996: 'l
997: goodj
998: 't
999: verticie
1000: ..
1001: 'a

Wrote word counts to ../vocabulary/../vocabulary/glove.42B.300d-lower-2r-speaker-train_split-architect_only/ 

Saving the vocabulary ...
Saved the vocabulary to '/Users/Anjali/Documents/UIUC/research/CwC/BlocksWorld/Minecraft/cwc-minecraft-models/vocabulary/glove.42B.300d-lower-2r-speaker-train_split-architect_only/vocab.pkl'
Total vocabulary size: 1002
Namespace(add_builder_utterances=False, all_splits=False, base_vocab_dir='../vocabulary/', data_path='../data/logs/', embed_size=300, lower=True, oov_as_unk=False, seed=1234, threshold=2, use_builder_action_tokens=False, use_speaker_tokens=True, vector_filename='../embeddings/glove/glove.42B.300d.txt', verbose=False, vocab_name='../vocabulary/glove.42B.300d-lower-2r-speaker-train_split-architect_only/')
Building vocabulary.
	data path: ../data/logs/ 
	embeddings file: ../embeddings/glove/glove.42B.300d.txt 
	embedding size: 300 
	use speaker tokens: True 
	use builder action tokens: False 
	add words: True 
	lowercase: True 
	rare word threshold: 2 


Tokenizations fixed: {'purple* -> purple *', '1x2 -> 1 x 2', '9x7 -> 9 x 7', '8x7 -> 8 x 7', '*actually -> * actually', 'on* -> on *', '4x1s... -> 4 x 1s...', '11x1x4 -> 11 x 1 x 4', 's&* -> s& *', '3x1 -> 3 x 1', 'bottom* -> bottom *', '5x9 -> 5 x 9', 'row* -> row *', '7x5 -> 7 x 5', '3x3x2 -> 3 x 3 x 2', '*oh -> * oh', 'red* -> red *', '5x5x5 -> 5 x 5 x 5', 'arrow.. -> arrow ..', "*you're -> * you're", 'rectangle* -> rectangle *', '3x3x3 -> 3 x 3 x 3', 'ground* -> ground *', 'out.. -> out ..', '9x9 -> 9 x 9', '3x5 -> 3 x 5', '2x4 -> 2 x 4', '4x4 -> 4 x 4', '5x5 -> 5 x 5', 'other.. -> other ..', '3x7 -> 3 x 7', '3x2 -> 3 x 2', 'build* -> build *', 'its* -> its *', 'worries* -> worries *', '9x1 -> 9 x 1', 'you* -> you *', 'wide.. -> wide ..', 'degrees* -> degrees *', '5x5, -> 5 x 5,', '7x7 -> 7 x 7', '4x1 -> 4 x 1', '*in -> * in', '5x4 -> 5 x 4', 'orange* -> orange *', '1x3 -> 1 x 3', '*forward -> * forward', '3x4 -> 3 x 4', '2x1 -> 2 x 1', '*yup -> * yup', '5x6 -> 5 x 6', '3x3 -> 3 x 3', '9x3x4 -> 9 x 3 x 4', '2x2 -> 2 x 2', '5x3 -> 5 x 3', '1x4 -> 1 x 4', '4x3 -> 4 x 3', 'yellow* -> yellow *', 'writing* -> writing *', '*mirrored -> * mirrored', 'block* -> block *', '3x6 -> 3 x 6', '1x6 -> 1 x 6', '2x2x2 -> 2 x 2 x 2', '5x1 -> 5 x 1', '2x3 -> 2 x 3', 'edge* -> edge *'} 


Loading word embedding vectors from ../embeddings/glove/glove.42B.300d.txt ...

Adding OOV vectors ...

749 of 1743 total word types (43.0%) in the train set were treated as unk, as they did not meet the rare word threshold (2).
There are 749 total rare word tokens out of 54976 total tokens (1.4%).
Added 8 OOV word types to vocabulary, out of a total of 1743 word types in the train set (0.5%).
There are 50 total OOV tokens out of 54976 total tokens (0.1%).

OOV words: {"'l", '*', 'verticie', "'t", 'yellow-red-purple', "'a", 'goodj', '..'} 

There are 656 UNK utterances out of 6559 total utterances (10.0%).

Wrote word counts to ../vocabulary/../vocabulary/glove.42B.300d-lower-2r-speaker-train_split-architect_only/word_counts.txt 

Saving the vocabulary ...
Saved the vocabulary to '/Users/Anjali/Documents/UIUC/research/CwC/BlocksWorld/Minecraft/cwc-minecraft-models/vocabulary/glove.42B.300d-lower-2r-speaker-train_split-architect_only/vocab.pkl'
Total vocabulary size: 1002
