Namespace(add_builder_utterances=True, all_splits=True, base_vocab_dir='../vocabulary/', data_path='../data/logs/', embed_size=300, lower=True, oov_as_unk=True, seed=1234, threshold=1, use_builder_action_tokens=True, use_speaker_tokens=True, vector_filename='../embeddings/glove/glove.42B.300d.txt', verbose=True, vocab_name='../vocabulary/glove.42B.300d-lower-1r-speaker-builder_actions-oov_as_unk-all_splits/')
Building vocabulary.
	data path: ../data/logs/ 
	embeddings file: ../embeddings/glove/glove.42B.300d.txt 
	embedding size: 300 
	use speaker tokens: True 
	use builder action tokens: True 
	add words: False 
	lowercase: True 
	rare word threshold: 1 

Using all three of train, val and test data...

Tokenizations fixed: {'*third -> * third', '5x5? -> 5 x 5?', 'float.. -> float ..', 'row* -> row *', '8x6 -> 8 x 6', '*mirrored -> * mirrored', 'diagonally* -> diagonally *', 'one* -> one *', 'purple* -> purple *', 'them* -> them *', '*in -> * in', 'this* -> this *', '2x3 -> 2 x 3', 'one.. -> one ..', 'grid* -> grid *', 'you* -> you *', '3x1 -> 3 x 1', '1x2 -> 1 x 2', '2x4 -> 2 x 4', "*it's -> * it's", "*you're -> * you're", '3x2? -> 3 x 2?', '*great -> * great', 'step.. -> step ..', 'writing* -> writing *', '3x3? -> 3 x 3?', 'many* -> many *', '*? -> * ?', '3x3x2 -> 3 x 3 x 2', '*yup -> * yup', 'plus* -> plus *', 'arrow.. -> arrow ..', '3x3x1 -> 3 x 3 x 1', 'guess* -> guess *', 'red* -> red *', 'bottom* -> bottom *', 'now* -> now *', 'it* -> it *', 'yellow* -> yellow *', '4x4 -> 4 x 4', '1x6 -> 1 x 6', '3x3x3 -> 3 x 3 x 3', '10x4 -> 10 x 4', '7x1 -> 7 x 1', '9x9 -> 9 x 9', 'degrees* -> degrees *', '3x2 -> 3 x 2', '3x3 -> 3 x 3', 'ok* -> ok *', '9x7 -> 9 x 7', '*everything -> * everything', '4x1orange -> 4 x 1orange', 'shape* -> shape *', '*built -> * built', '5x1 -> 5 x 1', 'block* -> block *', '7x7 -> 7 x 7', 'rectangle* -> rectangle *', 'good* -> good *', 'hmm.. -> hmm ..', 'meant* -> meant *', 'chegg* -> chegg *', '8x7 -> 8 x 7', '*forward -> * forward', 'bricks* -> bricks *', '4x4? -> 4 x 4?', '2x2x2 -> 2 x 2 x 2', 'okay* -> okay *', '2x1 -> 2 x 1', '5x5, -> 5 x 5,', '7x4 -> 7 x 4', '5x3 -> 5 x 3', '*oh -> * oh', 'a2x3 -> a2 x 3', 'edge* -> edge *', 'great.. -> great ..', 'its* -> its *', '1x4 -> 1 x 4', 'please* -> please *', 'bit* -> bit *', 'mess.. -> mess ..', '6x3 -> 6 x 3', '3x4 -> 3 x 4', '4x1s... -> 4 x 1s...', 'ball.. -> ball ..', 'orange* -> orange *', '3x3u -> 3 x 3u', 'intersection.. -> intersection ..', '7x5 -> 7 x 5', '11x1x4 -> 11 x 1 x 4', '1x3 -> 1 x 3', 'out.. -> out ..', '2* -> 2 *', 'something.. -> something ..', 'like* -> like *', 'ground* -> ground *', 'hm.. -> hm ..', 'other.. -> other ..', 'worries* -> worries *', 'off* -> off *', 'build* -> build *', '4x3 -> 4 x 3', 'wide.. -> wide ..', '3x7 -> 3 x 7', '5x7 -> 5 x 7', '5x6 -> 5 x 6', '*orange -> * orange', '*actually -> * actually', '2x5 -> 2 x 5', '5x5 -> 5 x 5', '3x6 -> 3 x 6', 'on* -> on *', 'orange.. -> orange ..', '9x1 -> 9 x 1', '3x5 -> 3 x 5', '9x3x4 -> 9 x 3 x 4', 'tip* -> tip *', '5x5x5 -> 5 x 5 x 5', '5x4 -> 5 x 4', '4x1 -> 4 x 1', '2x2 -> 2 x 2', '*! -> * !', 'corners* -> corners *', 's&* -> s& *', 'd0* -> d0 *', '*like -> * like', '5x9 -> 5 x 9', '6x6 -> 6 x 6'} 


Loading word embedding vectors from ../embeddings/glove/glove.42B.300d.txt ...
Adding random vector for rare bucket as there are no rare words...

206 of 2671 total word types (7.7%) in the train set were treated as unk, as they did not meet the rare word threshold (1).
There are 317 total rare word tokens out of 114023 total tokens (0.3%).
Added 0 OOV word types to vocabulary, out of a total of 2671 word types in the train set (0.0%).
There are 0 total OOV tokens out of 114023 total tokens (0.0%).

OOV words: set() 

There are 310 UNK utterances out of 15926 total utterances (1.9%).

0: <pad>
1: <dialogue>
2: </dialogue>
3: <architect>
4: </architect>
5: <builder>
6: </builder>
7: <builder_pickup_orange>
8: <builder_putdown_orange>
9: <builder_pickup_red>
10: <builder_putdown_red>
11: <builder_pickup_green>
12: <builder_putdown_green>
13: <builder_pickup_blue>
14: <builder_putdown_blue>
15: <builder_pickup_purple>
16: <builder_putdown_purple>
17: <builder_pickup_yellow>
18: <builder_putdown_yellow>
19: ,
20: the
21: .
22: and
23: to
24: of
25: a
26: in
27: is
28: for
29: :
30: i
31: )
32: that
33: (
34: you
35: it
36: on
37: -
38: with
39: 's
40: this
41: by
42: are
43: at
44: as
45: be
46: from
47: have
48: was
49: or
50: your
51: not
52: ...
53: we
54: !
55: but
56: ?
57: all
58: will
59: an
60: my
61: can
62: they
63: n't
64: do
65: he
66: more
67: if
68: one
69: has
70: |
71: so
72: about
73: new
74: what
75: his
76: there
77: up
78: out
79: ;
80: their
81: our
82: '
83: like
84: when
85: $
86: just
87: time
88: &
89: me
90: which
91: no
92: would
93: /
94: 1
95: some
96: get
97: ]
98: also
99: other
100: how
101: may
102: had
103: am
104: been
105: 2
106: her
107: were
108: them
109: people
110: she
111: any
112: now
113: only
114: first
115: than
116: good
117: >
118: into
119: its
120: these
121: us
122: see
123: here
124: make
125: 3
126: very
127: over
128: most
129: then
130: know
131: said
132: after
133: well
134: use
135: two
136: %
137: did
138: could
139: great
140: free
141: many
142: back
143: way
144: work
145: because
146: 'm
147: best
148: should
149: even
150: think
151: much
152: does
153: where
154: 4
155: go
156: need
157: last
158: find
159: =
160: world
161: really
162: information
163: through
164: want
165: #
166: 5
167: him
168: right
169: take
170: views
171: such
172: made
173: those
174: before
175: being
176: --
177: off
178: used
179: help
180: 10
181: while
182: 're
183: too
184: still
185: 've
186: down
187: going
188: part
189: each
190: little
191: high
192: +
193: look
194: around
195: same
196: game
197: read
198: long
199: why
200: school
201: 6
202: own
203: every
204: system
205: next
206: 'll
207: news
208: say
209: got
210: both
211: under
212: top
213: set
214: another
215: since
216: things
217: show
218: place
219: using
220: better
221: page
222: never
223: please
224: come
225: big
226: today
227: s
228: music
229: full
230: something
231: number
232: few
233: 7
234: ca
235: between
236: 0
237: name
238: view
239: real
240: without
241: old
242: always
243: black
244: house
245: three
246: 8
247: man
248: must
249: during
250: again
251: end
252: different
253: lot
254: looking
255: sure
256: group
257: give
258: 20
259: team
260: times
261: let
262: area
263: buy
264: money
265: water
266: keep
267: support
268: live
269: comments
270: small
271: including
272: x
273: thing
274: list
275: put
276: design
277: might
278: white
279: point
280: order
281: call
282: second
283: says
284: case
285: program
286: away
287: start
288: against
289: left
290: center
291: feel
292: having
293: 11
294: line
295: thanks
296: ever
297: 9
298: open
299: room
300: though
301: god
302: product
303: change
304: making
305: add
306: check
307: job
308: getting
309: 'd
310: once
311: course
312: hard
313: within
314: until
315: try
316: side
317: able
318: working
319: art
320: yet
321: body
322: easy
323: done
324: de
325: large
326: person
327: actually
328: less
329: enough
330: following
331: makes
332: per
333: doing
334: size
335: air
336: red
337: south
338: thought
339: nice
340: based
341: run
342: 100
343: type
344: north
345: bad
346: far
347: head
348: problem
349: already
350: process
351: fun
352: someone
353: hope
354: watch
355: hot
356: level
357: together
358: needs
359: others
360: include
361: started
362: went
363: form
364: anything
365: bit
366: tell
367: @
368: link
369: pretty
370: four
371: came
372: hand
373: yes
374: everything
375: green
376: share
377: single
378: along
379: points
380: added
381: believe
382: possible
383: past
384: below
385: means
386: windows
387: current
388: nothing
389: seen
390: re
391: beautiful
392: took
393: true
394: comes
395: kind
396: board
397: low
398: question
399: front
400: reading
401: probably
402: short
403: above
404: create
405: whole
406: blue
407: either
408: heart
409: near
410: parts
411: future
412: building
413: c
414: image
415: child
416: face
417: maybe
418: mind
419: thank
420: close
421: complete
422: main
423: trying
424: location
425: later
426: idea
427: works
428: perfect
429: total
430: looks
431: questions
432: almost
433: original
434: space
435: action
436: quite
437: stop
438: posts
439: oh
440: box
441: color
442: via
443: b
444: coming
445: five
446: mean
447: key
448: enjoy
449: told
450: simple
451: seems
452: digital
453: ask
454: friend
455: across
456: word
457: remember
458: leave
459: soon
460: wanted
461: problems
462: else
463: field
464: rather
465: cover
466: issues
467: stay
468: message
469: reason
470: turn
471: guide
472: although
473: move
474: half
475: star
476: continue
477: running
478: section
479: woman
480: return
481: picture
482: deal
483: note
484: m
485: win
486: meet
487: understand
488: further
489: follow
490: t
491: asked
492: plus
493: death
494: bring
495: player
496: gets
497: east
498: guy
499: d
500: instead
501: morning
502: clear
503: science
504: couple
505: recent
506: currently
507: table
508: stuff
509: matter
510: required
511: inside
512: needed
513: writing
514: favorite
515: final
516: various
517: behind
518: third
519: dog
520: u
521: cool
522: interest
523: located
524: takes
525: fast
526: choose
527: position
528: similar
529: hit
530: cut
531: n
532: result
533: yourself
534: lead
535: wo
536: terms
537: e
538: fine
539: cause
540: rest
541: goes
542: wrong
543: outside
544: ready
545: amount
546: sign
547: longer
548: recently
549: finally
550: central
551: myself
552: previous
553: map
554: step
555: w
556: interesting
557: ways
558: mark
559: welcome
560: bar
561: shall
562: forward
563: description
564: door
565: christmas
566: worth
567: additional
568: wall
569: gift
570: bed
571: excellent
572: speed
573: wish
574: wait
575: included
576: build
577: sense
578: track
579: lol
580: saying
581: huge
582: thinking
583: six
584: brown
585: super
586: eyes
587: son
588: screen
589: wrote
590: wide
591: hold
592: notes
593: higher
594: individual
595: limited
596: allow
597: shot
598: round
599: clean
600: specific
601: term
602: born
603: lower
604: starting
605: knowledge
606: tips
607: seem
608: piece
609: groups
610: quick
611: father
612: middle
613: base
614: entire
615: camera
616: ones
617: cards
618: double
619: unit
620: extra
621: st
622: fit
623: effect
624: easily
625: wonderful
626: tried
627: cell
628: particular
629: perhaps
630: moving
631: agree
632: ok
633: awesome
634: direct
635: built
636: focus
637: glass
638: floor
639: environment
640: gave
641: talking
642: itself
643: boy
644: hands
645: walk
646: plans
647: ground
648: giving
649: earth
650: ball
651: consider
652: a.
653: feet
654: quickly
655: guess
656: stand
657: moment
658: break
659: dead
660: completely
661: sorry
662: deep
663: fashion
664: eye
665: cup
666: pick
667: knew
668: effective
669: places
670: pro
671: looked
672: ^
673: character
674: sweet
675: difficult
676: exactly
677: r
678: sounds
679: im
680: miss
681: rules
682: option
683: numbers
684: l
685: figure
686: touch
687: levels
688: match
689: lines
690: shoes
691: stars
692: dance
693: overall
694: gone
695: turned
696: necessary
697: sea
698: definitely
699: master
700: yeah
701: dress
702: window
703: sort
704: difference
705: o
706: multiple
707: traditional
708: cable
709: goal
710: certainly
711: dont
712: mix
713: directly
714: beginning
715: tree
716: whatever
717: cold
718: approach
719: bottom
720: copy
721: connection
722: uses
723: poor
724: 1st
725: reference
726: coffee
727: changed
728: letter
729: recommend
730: hi
731: finish
732: expect
733: disease
734: f
735: originally
736: notice
737: begin
738: degree
739: happened
740: length
741: helps
742: straight
743: hey
744: wow
745: square
746: positive
747: et
748: towards
749: unless
750: trust
751: ring
752: technical
753: surface
754: capital
755: v
756: remove
757: g
758: block
759: reach
760: cross
761: truly
762: h
763: 2nd
764: anyway
765: creative
766: except
767: earlier
768: p
769: moved
770: mine
771: whose
772: understanding
773: creating
774: pink
775: seven
776: lose
777: cute
778: develop
779: effort
780: solid
781: engineering
782: finished
783: animal
784: communication
785: die
786: b.
787: distance
788: format
789: actual
790: error
791: yellow
792: movement
793: totally
794: brother
795: serve
796: mission
797: 90
798: spot
799: hate
800: otherwise
801: colors
802: easier
803: basis
804: onto
805: contains
806: ad
807: correct
808: target
809: respect
810: minute
811: structure
812: complex
813: kept
814: flowers
815: seat
816: walking
817: feed
818: ahead
819: steps
820: edge
821: frame
822: pieces
823: foot
824: strategy
825: handle
826: none
827: larger
828: runs
829: warm
830: comfortable
831: wind
832: crazy
833: forms
834: kill
835: d.
836: tech
837: happens
838: operation
839: flat
840: sets
841: k
842: y
843: direction
844: learned
845: keeping
846: path
847: followed
848: 3rd
849: laptop
850: drugs
851: horse
852: 3d
853: count
854: mb
855: chicken
856: fantastic
857: putting
858: mostly
859: missing
860: orange
861: slow
862: existing
863: shape
864: corner
865: highest
866: detail
867: described
868: bridge
869: starts
870: golden
871: meaning
872: switch
873: completed
874: inn
875: pair
876: imagine
877: fill
878: appears
879: units
880: leaving
881: object
882: indeed
883: placed
884: toward
885: seemed
886: truck
887: advance
888: fix
889: gun
890: asking
891: chair
892: arms
893: bear
894: adding
895: shit
896: sit
897: mention
898: domain
899: fixed
900: bowl
901: separate
902: cells
903: mouth
904: upper
905: pattern
906: missed
907: forest
908: sitting
909: remain
910: rise
911: diamond
912: leaves
913: platform
914: plants
915: aid
916: perform
917: trouble
918: signs
919: rain
920: broken
921: covers
922: religious
923: failed
924: holy
925: fly
926: attempt
927: catch
928: maintain
929: ends
930: continues
931: meant
932: slightly
933: filled
934: anywhere
935: eventually
936: standing
937: 4th
938: stick
939: explain
940: raised
941: unfortunately
942: okay
943: realize
944: height
945: sky
946: connect
947: hello
948: turns
949: connected
950: thats
951: removed
952: tough
953: fourth
954: tip
955: draw
956: plate
957: failure
958: flag
959: sad
960: exciting
961: stupid
962: louis
963: initial
964: ran
965: raise
966: musical
967: l.
968: arm
969: ms
970: experts
971: flower
972: supposed
973: twice
974: layer
975: etc
976: apparently
977: illinois
978: hole
979: matt
980: previously
981: wearing
982: worry
983: letters
984: portion
985: fighting
986: telling
987: extended
988: random
989: monitor
990: logo
991: bird
992: basically
993: instructions
994: ip
995: shirt
996: nine
997: toys
998: h.
999: bet
1000: sick
1001: noticed
1002: apart
1003: tells
1004: hurt
1005: bigger
1006: lets
1007: properly
1008: manner
1009: minor
1010: purposes
1011: somewhere
1012: hopefully
1013: joint
1014: shoot
1015: replace
1016: sides
1017: damn
1018: ya
1019: neck
1020: parent
1021: smile
1022: cutting
1023: accident
1024: colour
1025: row
1026: phase
1027: legs
1028: cap
1029: drawing
1030: closer
1031: matters
1032: 5th
1033: degrees
1034: contain
1035: flying
1036: neither
1037: breaking
1038: agreed
1039: anymore
1040: till
1041: pleasure
1042: garage
1043: concerns
1044: architecture
1045: bars
1046: clock
1047: perspective
1048: exist
1049: gorgeous
1050: viewed
1051: accurate
1052: leg
1053: strange
1054: supports
1055: extension
1056: attached
1057: perfectly
1058: hoping
1059: mouse
1060: heads
1061: supporting
1062: t.
1063: stands
1064: border
1065: haha
1066: familiar
1067: del
1068: directions
1069: objects
1070: follows
1071: vice
1072: birds
1073: riding
1074: giant
1075: mirror
1076: procedure
1077: bunch
1078: circle
1079: soccer
1080: controls
1081: remaining
1082: z
1083: besides
1084: fairly
1085: bell
1086: walls
1087: tower
1088: slowly
1089: dancing
1090: roof
1091: entirely
1092: tall
1093: shift
1094: sec
1095: branch
1096: rings
1097: gray
1098: technique
1099: exact
1100: directed
1101: lies
1102: ending
1103: purple
1104: depth
1105: abstract
1106: faces
1107: teeth
1108: somewhat
1109: empty
1110: convention
1111: boxes
1112: lift
1113: inner
1114: 6th
1115: describe
1116: shoulder
1117: blues
1118: facing
1119: realized
1120: weird
1121: ha
1122: fits
1123: dude
1124: keys
1125: 7th
1126: thick
1127: tables
1128: column
1129: tone
1130: stuck
1131: plane
1132: boss
1133: broke
1134: immediate
1135: surrounding
1136: coat
1137: blow
1138: checking
1139: lowest
1140: 8th
1141: lie
1142: blocks
1143: gate
1144: assume
1145: successfully
1146: strike
1147: scheme
1148: replaced
1149: falling
1150: castle
1151: lay
1152: opposite
1153: hang
1154: pot
1155: continuing
1156: keyboard
1157: setup
1158: width
1159: plot
1160: dimensions
1161: relative
1162: hip
1163: stretch
1164: broad
1165: slide
1166: andy
1167: configuration
1168: hanging
1169: fifth
1170: ur
1171: literally
1172: refer
1173: nose
1174: mistake
1175: finger
1176: careful
1177: headed
1178: rid
1179: dot
1180: staying
1181: xd
1182: inventory
1183: ultimately
1184: absolute
1185: covering
1186: kinda
1187: newest
1188: ill
1189: wise
1190: shadow
1191: harder
1192: ear
1193: th
1194: holes
1195: reverse
1196: mid
1197: angle
1198: crap
1199: loop
1200: gap
1201: suppose
1202: holder
1203: repeat
1204: instruction
1205: temporary
1206: newly
1207: reflect
1208: specified
1209: exposed
1210: delete
1211: grab
1212: laid
1213: sequence
1214: odd
1215: int
1216: narrow
1217: wing
1218: joke
1219: structures
1220: recall
1221: spots
1222: pitch
1223: forgot
1224: mess
1225: combine
1226: delay
1227: raising
1228: fault
1229: correctly
1230: heights
1231: wings
1232: rough
1233: challenging
1234: curious
1235: cherry
1236: glasses
1237: cam
1238: quit
1239: consists
1240: understood
1241: confused
1242: ah
1243: spaces
1244: bc
1245: extend
1246: pointed
1247: hop
1248: wrap
1249: na
1250: essentially
1251: fancy
1252: vertical
1253: omg
1254: skip
1255: initially
1256: tail
1257: olympic
1258: barely
1259: intense
1260: bits
1261: suspension
1262: boring
1263: confirm
1264: additionally
1265: ugly
1266: outer
1267: filling
1268: btw
1269: didnt
1270: colored
1271: complicated
1272: ears
1273: formation
1274: lying
1275: frames
1276: silly
1277: parallel
1278: symbol
1279: horrible
1280: experiment
1281: aka
1282: spin
1283: blank
1284: es
1285: shortly
1286: respectively
1287: layers
1288: roger
1289: locate
1290: colours
1291: respective
1292: tops
1293: disappointed
1294: multi
1295: connecting
1296: buddy
1297: finishing
1298: puzzle
1299: toilet
1300: zoom
1301: spectrum
1302: removing
1303: stem
1304: grid
1305: skirt
1306: tricks
1307: lil
1308: rely
1309: phrase
1310: sunset
1311: tile
1312: flip
1313: nasty
1314: basics
1315: spell
1316: shade
1317: ie
1318: interpretation
1319: stack
1320: surrounded
1321: yo
1322: shaped
1323: bearing
1324: wont
1325: nicely
1326: punch
1327: sorts
1328: deleted
1329: twist
1330: representing
1331: nearest
1332: pole
1333: rip
1334: annoying
1335: brick
1336: sixth
1337: mirrors
1338: artistic
1339: assuming
1340: placement
1341: robot
1342: 180
1343: hub
1344: um
1345: whats
1346: duck
1347: snap
1348: shapes
1349: shades
1350: threw
1351: 2d
1352: colorful
1353: bugs
1354: er
1355: awful
1356: edges
1357: examine
1358: rainbow
1359: linear
1360: remind
1361: curve
1362: lenses
1363: belong
1364: roughly
1365: fool
1366: drawings
1367: alongside
1368: badly
1369: fr
1370: doesnt
1371: forming
1372: ye
1373: repeated
1374: placing
1375: wherever
1376: gauge
1377: exclusively
1378: handles
1379: floating
1380: duo
1381: sits
1382: roller
1383: builder
1384: yea
1385: preferably
1386: beneath
1387: switching
1388: fork
1389: sp
1390: olympics
1391: connector
1392: pointing
1393: reflection
1394: similarly
1395: proceed
1396: closest
1397: confusion
1398: ea
1399: wider
1400: pickup
1401: differently
1402: swap
1403: arrow
1404: candle
1405: rotation
1406: shoulders
1407: congrats
1408: o.
1409: lined
1410: isolated
1411: magnificent
1412: adjacent
1413: corners
1414: butterfly
1415: trace
1416: waist
1417: difficulties
1418: shorter
1419: horizontal
1420: def
1421: precisely
1422: replacing
1423: ralph
1424: separated
1425: rim
1426: patience
1427: offset
1428: reminder
1429: confirmation
1430: flame
1431: architect
1432: rabbit
1433: heck
1434: branches
1435: specify
1436: banana
1437: tho
1438: cab
1439: commands
1440: neat
1441: reset
1442: transform
1443: snake
1444: orientation
1445: dimension
1446: suspended
1447: wtf
1448: substitute
1449: knock
1450: alright
1451: arc
1452: explaining
1453: correction
1454: mapping
1455: completing
1456: balloon
1457: antenna
1458: anyways
1459: pose
1460: axis
1461: translated
1462: easiest
1463: invisible
1464: symbols
1465: sculpture
1466: towers
1467: touching
1468: stairs
1469: shadows
1470: bases
1471: terrific
1472: lid
1473: lit
1474: uh
1475: yep
1476: greens
1477: chess
1478: yay
1479: columns
1480: extends
1481: huh
1482: monsters
1483: translate
1484: skinny
1485: ``
1486: headphones
1487: extensions
1488: longest
1489: incorrect
1490: extending
1491: smiling
1492: float
1493: eh
1494: hahaha
1495: spider
1496: witch
1497: builds
1498: outline
1499: arch
1500: consisting
1501: confusing
1502: finishes
1503: hmm
1504: switched
1505: hollow
1506: underneath
1507: triangle
1508: bent
1509: cycles
1510: sliding
1511: laying
1512: tiles
1513: attach
1514: explosion
1515: avatar
1516: pipeline
1517: typing
1518: bunny
1519: disco
1520: bye
1521: bust
1522: planes
1523: ot
1524: chill
1525: rows
1526: temp
1527: oriented
1528: flush
1529: mug
1530: flowing
1531: mic
1532: isnt
1533: strawberry
1534: kidding
1535: cube
1536: worries
1537: playground
1538: awkward
1539: tier
1540: magnet
1541: pretend
1542: pixel
1543: sticking
1544: pl
1545: varying
1546: kicking
1547: touches
1548: straps
1549: consist
1550: ladder
1551: dancer
1552: mickey
1553: lone
1554: backpack
1555: disappeared
1556: guessing
1557: hardest
1558: cozy
1559: boundary
1560: scrap
1561: funky
1562: tit
1563: demon
1564: backwards
1565: positioning
1566: theres
1567: elevated
1568: umbrella
1569: angles
1570: upside
1571: apologize
1572: ta
1573: hype
1574: crude
1575: rounded
1576: corrections
1577: staring
1578: hmmm
1579: triumph
1580: elevation
1581: elbow
1582: coordinate
1583: lmao
1584: thankfully
1585: comparisons
1586: closes
1587: monument
1588: minus
1589: tricky
1590: rebuild
1591: ti
1592: connects
1593: smoothly
1594: bud
1595: coordinates
1596: stance
1597: scattered
1598: intersection
1599: aesthetic
1600: hips
1601: nope
1602: centered
1603: crane
1604: elaborate
1605: marking
1606: halfway
1607: slope
1608: spiral
1609: admire
1610: pi
1611: oops
1612: gut
1613: clarify
1614: simpler
1615: upright
1616: torch
1617: rn
1618: outlined
1619: throne
1620: darker
1621: wedge
1622: intact
1623: rotating
1624: ou
1625: ts
1626: reds
1627: squares
1628: gaps
1629: slipped
1630: dow
1631: pls
1632: masterpiece
1633: pyramid
1634: clown
1635: resting
1636: stained
1637: spells
1638: youre
1639: worm
1640: tow
1641: yup
1642: ornament
1643: rectangular
1644: lastly
1645: unclear
1646: wasnt
1647: chop
1648: undo
1649: champ
1650: fills
1651: wholly
1652: farther
1653: wrapping
1654: footprint
1655: vague
1656: repeating
1657: shifted
1658: majestic
1659: tick
1660: premature
1661: cupcake
1662: upward
1663: remake
1664: headlights
1665: ant
1666: evenly
1667: align
1668: amen
1669: arbitrary
1670: rotate
1671: ornaments
1672: creators
1673: ugh
1674: unite
1675: fin
1676: simulator
1677: vase
1678: crosses
1679: carrot
1680: stacked
1681: 3-5
1682: reversed
1683: coaster
1684: messed
1685: pk
1686: restoring
1687: aligned
1688: couldnt
1689: chunk
1690: camel
1691: backward
1692: sided
1693: aw
1694: downward
1695: dope
1696: magnets
1697: hex
1698: bricks
1699: inter
1700: continuation
1701: atop
1702: inspect
1703: versa
1704: woo
1705: rectangle
1706: bending
1707: curl
1708: bounds
1709: wan
1710: minecraft
1711: typed
1712: nah
1713: hangs
1714: maze
1715: digits
1716: teh
1717: flawless
1718: imaginary
1719: 3-d
1720: programmed
1721: rebuilt
1722: upwards
1723: singular
1724: cubes
1725: viewpoint
1726: completes
1727: watering
1728: demolition
1729: whoa
1730: brace
1731: tripod
1732: ooh
1733: taller
1734: perimeter
1735: lays
1736: rests
1737: kettle
1738: hen
1739: foo
1740: hm
1741: headphone
1742: overflow
1743: dimensional
1744: assemblies
1745: pillar
1746: geometric
1747: confuse
1748: blueprint
1749: stacks
1750: nailed
1751: x3
1752: shitty
1753: 3-1
1754: overlap
1755: resemble
1756: mans
1757: temps
1758: outward
1759: standby
1760: pardon
1761: glitch
1762: separating
1763: ahh
1764: smiley
1765: montage
1766: cheddar
1767: deleting
1768: spacing
1769: forwards
1770: traced
1771: slab
1772: oranges
1773: pf
1774: waving
1775: ned
1776: ean
1777: a2
1778: vines
1779: arent
1780: pillars
1781: np
1782: tedious
1783: spaced
1784: moderately
1785: nifty
1786: cherries
1787: crawling
1788: vertically
1789: suffice
1790: checker
1791: uneven
1792: spans
1793: sideways
1794: petals
1795: skipping
1796: err
1797: gpa
1798: staircase
1799: flipped
1800: goofy
1801: idk
1802: repeats
1803: jk
1804: swirl
1805: preferable
1806: wil
1807: misunderstood
1808: punched
1809: doorway
1810: cactus
1811: donuts
1812: alternating
1813: recreate
1814: ctrl
1815: replicate
1816: floats
1817: curling
1818: diagonal
1819: attaching
1820: ike
1821: nay
1822: mcdonalds
1823: presume
1824: sorta
1825: prism
1826: ish
1827: stacking
1828: recognizable
1829: inverted
1830: dotted
1831: widest
1832: prob
1833: typo
1834: hurdles
1835: kool
1836: placeholder
1837: ob
1838: vaguely
1839: mirrored
1840: mimic
1841: symmetry
1842: inward
1843: gg
1844: stair
1845: overlapping
1846: torso
1847: eb
1848: arches
1849: tallest
1850: ambiguous
1851: facet
1852: ohm
1853: hurdle
1854: orient
1855: ther
1856: 4-3
1857: x4
1858: yah
1859: angled
1860: inverse
1861: yikes
1862: broom
1863: horizontally
1864: theyre
1865: parachute
1866: dw
1867: vibes
1868: obnoxious
1869: spout
1870: rotated
1871: bunnies
1872: ohh
1873: trajectory
1874: donut
1875: giraffe
1876: poking
1877: horseshoe
1878: youve
1879: thingy
1880: ont
1881: shifter
1882: apologized
1883: backside
1884: oooh
1885: ketchup
1886: ascending
1887: dangling
1888: hovering
1889: isn
1890: stalk
1891: ooo
1892: rigging
1893: perpendicular
1894: asterisk
1895: triangles
1896: 1s
1897: windmill
1898: ummm
1899: crook
1900: underside
1901: redo
1902: kk
1903: eiffel
1904: nevermind
1905: shouldnt
1906: hump
1907: beep
1908: imitate
1909: walkway
1910: railing
1911: clockwise
1912: anatomical
1913: i.e
1914: ballerina
1915: tilted
1916: voila
1917: bodied
1918: tetris
1919: howdy
1920: guesses
1921: teapot
1922: turret
1923: nie
1924: ini
1925: chute
1926: noe
1927: tutu
1928: stairway
1929: 10/10
1930: ohhh
1931: skyscraper
1932: biggie
1933: branching
1934: angling
1935: kneeling
1936: symmetrical
1937: gon
1938: hangar
1939: pitchfork
1940: whoops
1941: frown
1942: interlocking
1943: messes
1944: typos
1945: figurative
1946: checkered
1947: trident
1948: restarted
1949: obscured
1950: sloping
1951: xyz
1952: legged
1953: lagging
1954: symmetric
1955: phew
1956: diseased
1957: rotations
1958: protruding
1959: yee
1960: tbh
1961: centering
1962: encased
1963: uhh
1964: mea
1965: downwards
1966: pluck
1967: farthest
1968: mouthful
1969: surfboard
1970: uhm
1971: spire
1972: couldn
1973: deletes
1974: infront
1975: multicolor
1976: hola
1977: mirroring
1978: nwo
1979: gotcha
1980: zig
1981: hows
1982: slanted
1983: interlock
1984: wer
1985: top-down
1986: furthest
1987: pur
1988: radiating
1989: e.g
1990: gr8
1991: observant
1992: concentric
1993: orthogonal
1994: lols
1995: diagonally
1996: threes
1997: ooooh
1998: touchy
1999: rectangles
2000: orientations
2001: suspiciously
2002: polygons
2003: prefect
2004: ''
2005: endpoints
2006: alittle
2007: bock
2008: headrest
2009: orientated
2010: perf
2011: demented
2012: scoot
2013: tok
2014: multicolored
2015: upside-down
2016: lowercase
2017: yellows
2018: intents
2019: pus
2020: boop
2021: poppin
2022: duplicating
2023: spiraling
2024: whoo
2025: cursive
2026: superimposed
2027: loner
2028: gj
2029: aligns
2030: alternates
2031: backtrack
2032: midpoint
2033: inbetween
2034: braced
2035: beheaded
2036: wonky
2037: overhang
2038: checkerboard
2039: nvm
2040: misread
2041: zag
2042: overlaps
2043: t6
2044: oooo
2045: onthe
2046: lunge
2047: jsut
2048: antennae
2049: outwards
2050: centerline
2051: innermost
2052: warmup
2053: foward
2054: loopy
2055: candelabra
2056: uhhh
2057: invariant
2058: archway
2059: rephrase
2060: taht
2061: seperated
2062: liek
2063: shakin
2064: staircases
2065: givin
2066: yous
2067: hte
2068: boxy
2069: blue-green
2070: piqued
2071: uppercase
2072: inwards
2073: cornet
2074: lem
2075: grr
2076: obelisk
2077: prongs
2078: okie
2079: humps
2080: pis
2081: nother
2082: phrased
2083: wordy
2084: outermost
2085: squint
2086: d0
2087: crevice
2088: thusly
2089: purples
2090: frome
2091: orang
2092: fron
2093: horseshoes
2094: overhanging
2095: sor
2096: enought
2097: 2,3
2098: ahve
2099: topmost
2100: miscommunication
2101: pinwheel
2102: 0,1
2103: anjali
2104: hollowed
2105: salut
2106: okey
2107: ince
2108: itll
2109: ooooo
2110: yas
2111: hallow
2112: shouldn
2113: 1,1
2114: yeas
2115: stairways
2116: jutting
2117: sould
2118: peices
2119: hing
2120: cwc
2121: jut
2122: 0,0
2123: outcrop
2124: aight
2125: kep
2126: blocky
2127: uy
2128: peasy
2129: gree
2130: oka
2131: interlinked
2132: itd
2133: elp
2134: handstand
2135: doozy
2136: tims
2137: ontop
2138: stepwise
2139: overhangs
2140: 3u
2141: alrighty
2142: bett
2143: yello
2144: fromthe
2145: oof
2146: righting
2147: symmetrically
2148: nthe
2149: coool
2150: righ
2151: yeahhh
2152: uhhhh
2153: pmg
2154: placeholders
2155: lmk
2156: aright
2157: blok
2158: juts
2159: colum
2160: gues
2161: appart
2162: oher
2163: iof
2164: 1.
2165: gird
2166: diagonals
2167: whooo
2168: doen
2169: thsi
2170: greate
2171: leftmost
2172: jist
2173: re-make
2174: oyu
2175: 2.
2176: witht
2177: 2,1
2178: mhm
2179: lorde
2180: sory
2181: thers
2182: lege
2183: noice
2184: onr
2185: actuall
2186: shoudl
2187: oaky
2188: rightmost
2189: seperating
2190: double-checked
2191: everyting
2192: yeller
2193: gim
2194: 3,3
2195: booyah
2196: yessir
2197: purp
2198: heo
2199: rigth
2200: 3,2
2201: chegg
2202: misspoke
2203: fisrt
2204: verticle
2205: righthand
2206: nicee
2207: problemo
2208: blck
2209: 1/4th
2210: glitching
2211: doorframe
2212: oen
2213: tiem
2214: anothe
2215: yeehaw
2216: fromt
2217: palce
2218: sqaure
2219: curent
2220: hiii
2221: heigh
2222: gren
2223: when/where
2224: orage
2225: blut
2226: l-shape
2227: u-turns
2228: bothe
2229: gex
2230: forgotton
2231: 4,3
2232: rone
2233: misson
2234: niceee
2235: red-head
2236: 3-3-3
2237: v-shape
2238: dokie
2239: conected
2240: ayy
2241: otehr
2242: ok.
2243: onw
2244: creen
2245: eys
2246: betwee
2247: top-most
2248: loks
2249: bewteen
2250: midle
2251: 5,3
2252: left-most
2253: theother
2254: loooking
2255: thata
2256: 6.
2257: deisgn
2258: midpoints
2259: doke
2260: 7.
2261: belltower
2262: symetrical
2263: uuh
2264: doyou
2265: 10.
2266: gonig
2267: 8.
2268: paralell
2269: right-most
2270: parrallel
2271: muf
2272: refernce
2273: collor
2274: ncie
2275: yeha
2276: tyhe
2277: isde
2278: heyo
2279: thge
2280: greeen
2281: snakey
2282: swtich
2283: plae
2284: righto
2285: yellow/red
2286: bocks
2287: goint
2288: blus
2289: yelow
2290: f-ed
2291: donw
2292: nailin
2293: rght
2294: tridents
2295: yed
2296: mve
2297: lettere
2298: worrie
2299: finsih
2300: sqare
2301: botom
2302: twon
2303: juist
2304: leftish
2305: of2
2306: ffrom
2307: abar
2308: mkae
2309: puple
2310: eminating
2311: horizonal
2312: imean
2313: miscounted
2314: plue
2315: greaat
2316: bottome
2317: paralel
2318: right-turn
2319: squre
2320: ornge
2321: sweeeeeeet
2322: wair
2323: dwon
2324: egg-cellent
2325: bottommost
2326: wwo
2327: seond
2328: anotehr
2329: perferably
2330: centermost
2331: betweem
2332: multi-floor
2333: octogon
2334: longside
2335: juust
2336: one-block
2337: currentl
2338: whold
2339: okkk
2340: rred
2341: nexts
2342: mistyping
2343: tthere
2344: emtpy
2345: eggcellent
2346: connectin
2347: block-long
2348: likr
2349: bluck
2350: symetric
2351: stairstep
2352: 2red
2353: bacl
2354: towrds
2355: youw
2356: stuctures
2357: corrent
2358: 8-line
2359: ornage
2360: itwith
2361: getr
2362: wxlxh
2363: ywa
2364: enterence
2365: gorund
2366: location-wise
2367: goind
2368: vertically-oriented
2369: topright
2370: thecenter
2371: orane
2372: levle
2373: likethat
2374: 5up
2375: 1,2,1
2376: pruple
2377: puit
2378: nowadd
2379: iok
2380: organge
2381: gotchu
2382: nowon
2383: nowplease
2384: 3-wide
2385: organe
2386: spacs
2387: cneter
2388: hsould
2389: 9-line
2390: strucure
2391: palte
2392: perfecty
2393: backmost
2394: centere
2395: feet/legs
2396: cammel
2397: greata
2398: roght
2399: veritcal
2400: underneat
2401: cetner
2402: wherer
2403: thirs
2404: oragne
2405: endmost
2406: centerd
2407: abover
2408: neck/head
2409: bird-eye
2410: perpindicular
2411: conects
2412: twoards
2413: wym
2414: horizantal
2415: onte
2416: blcok
2417: done.that
2418: rright
2419: verticaly
2420: tthen
2421: conenct
2422: yex
2423: aonther
2424: horeshoe
2425: purpel
2426: purple-green
2427: awaay
2428: diagnol
2429: palced
2430: scafolding
2431: shapr
2432: aaway
2433: diuble
2434: differetn
2435: origanl
2436: buildig
2437: hecl
2438: oneoff
2439: placce
2440: rectange
2441: elook
2442: 2-block
2443: blackspace
2444: eitherside
2445: vetical
2446: mvoe
2447: conncted
2448: behidn
2449: 2,1,2
2450: yyp
2451: okiedokie
2452: snek
2453: frorm
2454: roated
2455: greeeeeat
2456: endge
2457: opposide
2458: flaoting
2459: oraneg
2460: strcuture
2461: 1-space
2462: weay
2463: exacltly
2464: secone
2465: shortside
2466: 3-stack
2467: wrow
2468: 1-gap
2469: morethey
2470: thecross
2471: anothre
2472: doublechecking
2473: leght
2474: heyoo
2475: roate
2476: purpe
2477: eblue
2478: allthree
2479: middle-ish
2480: stair-like
2481: usesd
2482: ecin
2483: remvoe
2484: <unk>

Wrote word counts to ../vocabulary/../vocabulary/glove.42B.300d-lower-1r-speaker-builder_actions-oov_as_unk-all_splits/ 

Saving the vocabulary ...
Saved the vocabulary to '/Users/Anjali/Documents/UIUC/research/CwC/BlocksWorld/Minecraft/cwc-minecraft-models/vocabulary/glove.42B.300d-lower-1r-speaker-builder_actions-oov_as_unk-all_splits/vocab.pkl'
Total vocabulary size: 2485
