Namespace(add_builder_utterances=True, all_splits=True, base_vocab_dir='../vocabulary/', data_path='../data/logs/', embed_size=300, lower=True, oov_as_unk=True, seed=1234, threshold=1, use_builder_action_tokens=False, use_speaker_tokens=True, vector_filename='../embeddings/glove/glove.42B.300d.txt', verbose=True, vocab_name='../vocabulary/glove.42B.300d-lower-1r-speaker-oov_as_unk-all_splits/')
Building vocabulary.
	data path: ../data/logs/ 
	embeddings file: ../embeddings/glove/glove.42B.300d.txt 
	embedding size: 300 
	use speaker tokens: True 
	use builder action tokens: False 
	add words: False 
	lowercase: True 
	rare word threshold: 1 

Using all three of train, val and test data...

Tokenizations fixed: {'9x1 -> 9 x 1', 'good* -> good *', '11x1x4 -> 11 x 1 x 4', '1x4 -> 1 x 4', 'now* -> now *', 'mess.. -> mess ..', 'hm.. -> hm ..', 'them* -> them *', '8x6 -> 8 x 6', '5x5, -> 5 x 5,', 'bit* -> bit *', '*everything -> * everything', '4x1s... -> 4 x 1s...', '3x3x3 -> 3 x 3 x 3', '4x1orange -> 4 x 1orange', 'something.. -> something ..', 'bottom* -> bottom *', 'red* -> red *', '5x5 -> 5 x 5', '5x4 -> 5 x 4', '*like -> * like', '4x3 -> 4 x 3', '2x1 -> 2 x 1', 'ok* -> ok *', '*yup -> * yup', 'meant* -> meant *', 'like* -> like *', 'edge* -> edge *', '7x7 -> 7 x 7', 'grid* -> grid *', 'off* -> off *', 'step.. -> step ..', '5x7 -> 5 x 7', 's&* -> s& *', '4x1 -> 4 x 1', 'rectangle* -> rectangle *', 'worries* -> worries *', 'wide.. -> wide ..', '2x5 -> 2 x 5', '4x4 -> 4 x 4', 'chegg* -> chegg *', 'shape* -> shape *', 'orange* -> orange *', 'a2x3 -> a2 x 3', '5x1 -> 5 x 1', '3x3? -> 3 x 3?', '2x4 -> 2 x 4', '3x3u -> 3 x 3u', 'hmm.. -> hmm ..', 'great.. -> great ..', 'corners* -> corners *', '6x3 -> 6 x 3', 'tip* -> tip *', '9x9 -> 9 x 9', '3x4 -> 3 x 4', '1x3 -> 1 x 3', '7x1 -> 7 x 1', '7x5 -> 7 x 5', 'purple* -> purple *', '*great -> * great', '10x4 -> 10 x 4', '3x3x2 -> 3 x 3 x 2', 'on* -> on *', '3x2? -> 3 x 2?', '*third -> * third', 'this* -> this *', 'plus* -> plus *', 'please* -> please *', '7x4 -> 7 x 4', 'you* -> you *', 'one* -> one *', '1x6 -> 1 x 6', '2x3 -> 2 x 3', '9x7 -> 9 x 7', 'float.. -> float ..', '5x9 -> 5 x 9', 'yellow* -> yellow *', 'diagonally* -> diagonally *', 'd0* -> d0 *', '3x7 -> 3 x 7', 'it* -> it *', '5x5? -> 5 x 5?', '*forward -> * forward', 'other.. -> other ..', '2x2x2 -> 2 x 2 x 2', '*! -> * !', '3x2 -> 3 x 2', '*? -> * ?', '5x5x5 -> 5 x 5 x 5', '5x3 -> 5 x 3', '3x3x1 -> 3 x 3 x 1', 'intersection.. -> intersection ..', '*built -> * built', '8x7 -> 8 x 7', 'degrees* -> degrees *', '*actually -> * actually', "*you're -> * you're", '2x2 -> 2 x 2', '*oh -> * oh', 'many* -> many *', 'row* -> row *', '9x3x4 -> 9 x 3 x 4', 'its* -> its *', 'one.. -> one ..', '3x1 -> 3 x 1', '*orange -> * orange', 'okay* -> okay *', '1x2 -> 1 x 2', '3x6 -> 3 x 6', '2* -> 2 *', '3x5 -> 3 x 5', 'writing* -> writing *', 'bricks* -> bricks *', '5x6 -> 5 x 6', '*in -> * in', '*mirrored -> * mirrored', '6x6 -> 6 x 6', 'block* -> block *', "*it's -> * it's", 'arrow.. -> arrow ..', '3x3 -> 3 x 3', '4x4? -> 4 x 4?', 'ground* -> ground *', 'build* -> build *', 'orange.. -> orange ..', 'ball.. -> ball ..', 'out.. -> out ..', 'guess* -> guess *'} 


Loading word embedding vectors from ../embeddings/glove/glove.42B.300d.txt ...
Adding random vector for rare bucket as there are no rare words...

206 of 2671 total word types (7.7%) in the train set were treated as unk, as they did not meet the rare word threshold (1).
There are 317 total rare word tokens out of 114023 total tokens (0.3%).
Added 0 OOV word types to vocabulary, out of a total of 2671 word types in the train set (0.0%).
There are 0 total OOV tokens out of 114023 total tokens (0.0%).

OOV words: set() 

There are 310 UNK utterances out of 15926 total utterances (1.9%).

0: <pad>
1: <dialogue>
2: </dialogue>
3: <architect>
4: </architect>
5: <builder>
6: </builder>
7: ,
8: the
9: .
10: and
11: to
12: of
13: a
14: in
15: is
16: for
17: :
18: i
19: )
20: that
21: (
22: you
23: it
24: on
25: -
26: with
27: 's
28: this
29: by
30: are
31: at
32: as
33: be
34: from
35: have
36: was
37: or
38: your
39: not
40: ...
41: we
42: !
43: but
44: ?
45: all
46: will
47: an
48: my
49: can
50: they
51: n't
52: do
53: he
54: more
55: if
56: one
57: has
58: |
59: so
60: about
61: new
62: what
63: his
64: there
65: up
66: out
67: ;
68: their
69: our
70: '
71: like
72: when
73: $
74: just
75: time
76: &
77: me
78: which
79: no
80: would
81: /
82: 1
83: some
84: get
85: ]
86: also
87: other
88: how
89: may
90: had
91: am
92: been
93: 2
94: her
95: were
96: them
97: people
98: she
99: any
100: now
101: only
102: first
103: than
104: good
105: >
106: into
107: its
108: these
109: us
110: see
111: here
112: make
113: 3
114: very
115: over
116: most
117: then
118: know
119: said
120: after
121: well
122: use
123: two
124: %
125: did
126: could
127: great
128: free
129: many
130: back
131: way
132: work
133: because
134: 'm
135: best
136: should
137: even
138: think
139: much
140: does
141: where
142: 4
143: go
144: need
145: last
146: find
147: =
148: world
149: really
150: information
151: through
152: want
153: #
154: 5
155: him
156: right
157: take
158: views
159: such
160: made
161: those
162: before
163: being
164: --
165: off
166: used
167: help
168: 10
169: while
170: 're
171: too
172: still
173: 've
174: down
175: going
176: part
177: each
178: little
179: high
180: +
181: look
182: around
183: same
184: game
185: read
186: long
187: why
188: school
189: 6
190: own
191: every
192: system
193: next
194: 'll
195: news
196: say
197: got
198: both
199: under
200: top
201: set
202: another
203: since
204: things
205: show
206: place
207: using
208: better
209: page
210: never
211: please
212: come
213: big
214: today
215: s
216: music
217: full
218: something
219: number
220: few
221: 7
222: ca
223: between
224: 0
225: name
226: view
227: real
228: without
229: old
230: always
231: black
232: house
233: three
234: 8
235: man
236: must
237: during
238: again
239: end
240: different
241: lot
242: looking
243: sure
244: group
245: give
246: 20
247: team
248: times
249: let
250: area
251: buy
252: money
253: water
254: keep
255: support
256: live
257: comments
258: small
259: including
260: x
261: thing
262: list
263: put
264: design
265: might
266: white
267: point
268: order
269: call
270: second
271: says
272: case
273: program
274: away
275: start
276: against
277: left
278: center
279: feel
280: having
281: 11
282: line
283: thanks
284: ever
285: 9
286: open
287: room
288: though
289: god
290: product
291: change
292: making
293: add
294: check
295: job
296: getting
297: 'd
298: once
299: course
300: hard
301: within
302: until
303: try
304: side
305: able
306: working
307: art
308: yet
309: body
310: easy
311: done
312: de
313: large
314: person
315: actually
316: less
317: enough
318: following
319: makes
320: per
321: doing
322: size
323: air
324: red
325: south
326: thought
327: nice
328: based
329: run
330: 100
331: type
332: north
333: bad
334: far
335: head
336: problem
337: already
338: process
339: fun
340: someone
341: hope
342: watch
343: hot
344: level
345: together
346: needs
347: others
348: include
349: started
350: went
351: form
352: anything
353: bit
354: tell
355: @
356: link
357: pretty
358: four
359: came
360: hand
361: yes
362: everything
363: green
364: share
365: single
366: along
367: points
368: added
369: believe
370: possible
371: past
372: below
373: means
374: windows
375: current
376: nothing
377: seen
378: re
379: beautiful
380: took
381: true
382: comes
383: kind
384: board
385: low
386: question
387: front
388: reading
389: probably
390: short
391: above
392: create
393: whole
394: blue
395: either
396: heart
397: near
398: parts
399: future
400: building
401: c
402: image
403: child
404: face
405: maybe
406: mind
407: thank
408: close
409: complete
410: main
411: trying
412: location
413: later
414: idea
415: works
416: perfect
417: total
418: looks
419: questions
420: almost
421: original
422: space
423: action
424: quite
425: stop
426: posts
427: oh
428: box
429: color
430: via
431: b
432: coming
433: five
434: mean
435: key
436: enjoy
437: told
438: simple
439: seems
440: digital
441: ask
442: friend
443: across
444: word
445: remember
446: leave
447: soon
448: wanted
449: problems
450: else
451: field
452: rather
453: cover
454: issues
455: stay
456: message
457: reason
458: turn
459: guide
460: although
461: move
462: half
463: star
464: continue
465: running
466: section
467: woman
468: return
469: picture
470: deal
471: note
472: m
473: win
474: meet
475: understand
476: further
477: follow
478: t
479: asked
480: plus
481: death
482: bring
483: player
484: gets
485: east
486: guy
487: d
488: instead
489: morning
490: clear
491: science
492: couple
493: recent
494: currently
495: table
496: stuff
497: matter
498: required
499: inside
500: needed
501: writing
502: favorite
503: final
504: various
505: behind
506: third
507: dog
508: u
509: cool
510: interest
511: located
512: takes
513: fast
514: choose
515: position
516: similar
517: hit
518: cut
519: n
520: result
521: yourself
522: lead
523: wo
524: terms
525: e
526: fine
527: cause
528: rest
529: goes
530: wrong
531: outside
532: ready
533: amount
534: sign
535: longer
536: recently
537: finally
538: central
539: myself
540: previous
541: map
542: step
543: w
544: interesting
545: ways
546: mark
547: welcome
548: bar
549: shall
550: forward
551: description
552: door
553: christmas
554: worth
555: additional
556: wall
557: gift
558: bed
559: excellent
560: speed
561: wish
562: wait
563: included
564: build
565: sense
566: track
567: lol
568: saying
569: huge
570: thinking
571: six
572: brown
573: super
574: eyes
575: son
576: screen
577: wrote
578: wide
579: hold
580: notes
581: higher
582: individual
583: limited
584: allow
585: shot
586: round
587: clean
588: specific
589: term
590: born
591: lower
592: starting
593: knowledge
594: tips
595: seem
596: piece
597: groups
598: quick
599: father
600: middle
601: base
602: entire
603: camera
604: ones
605: cards
606: double
607: unit
608: extra
609: st
610: fit
611: effect
612: easily
613: wonderful
614: tried
615: cell
616: particular
617: perhaps
618: moving
619: agree
620: ok
621: awesome
622: direct
623: built
624: focus
625: glass
626: floor
627: environment
628: gave
629: talking
630: itself
631: boy
632: hands
633: walk
634: plans
635: ground
636: giving
637: earth
638: ball
639: consider
640: a.
641: feet
642: quickly
643: guess
644: stand
645: moment
646: break
647: dead
648: completely
649: sorry
650: deep
651: fashion
652: eye
653: cup
654: pick
655: knew
656: effective
657: places
658: pro
659: looked
660: ^
661: character
662: sweet
663: difficult
664: exactly
665: r
666: sounds
667: im
668: miss
669: rules
670: option
671: numbers
672: l
673: figure
674: touch
675: levels
676: match
677: lines
678: shoes
679: stars
680: dance
681: overall
682: gone
683: turned
684: necessary
685: sea
686: definitely
687: master
688: yeah
689: dress
690: window
691: sort
692: difference
693: o
694: multiple
695: traditional
696: cable
697: goal
698: certainly
699: dont
700: mix
701: directly
702: beginning
703: tree
704: whatever
705: cold
706: approach
707: bottom
708: copy
709: connection
710: uses
711: poor
712: 1st
713: reference
714: coffee
715: changed
716: letter
717: recommend
718: hi
719: finish
720: expect
721: disease
722: f
723: originally
724: notice
725: begin
726: degree
727: happened
728: length
729: helps
730: straight
731: hey
732: wow
733: square
734: positive
735: et
736: towards
737: unless
738: trust
739: ring
740: technical
741: surface
742: capital
743: v
744: remove
745: g
746: block
747: reach
748: cross
749: truly
750: h
751: 2nd
752: anyway
753: creative
754: except
755: earlier
756: p
757: moved
758: mine
759: whose
760: understanding
761: creating
762: pink
763: seven
764: lose
765: cute
766: develop
767: effort
768: solid
769: engineering
770: finished
771: animal
772: communication
773: die
774: b.
775: distance
776: format
777: actual
778: error
779: yellow
780: movement
781: totally
782: brother
783: serve
784: mission
785: 90
786: spot
787: hate
788: otherwise
789: colors
790: easier
791: basis
792: onto
793: contains
794: ad
795: correct
796: target
797: respect
798: minute
799: structure
800: complex
801: kept
802: flowers
803: seat
804: walking
805: feed
806: ahead
807: steps
808: edge
809: frame
810: pieces
811: foot
812: strategy
813: handle
814: none
815: larger
816: runs
817: warm
818: comfortable
819: wind
820: crazy
821: forms
822: kill
823: d.
824: tech
825: happens
826: operation
827: flat
828: sets
829: k
830: y
831: direction
832: learned
833: keeping
834: path
835: followed
836: 3rd
837: laptop
838: drugs
839: horse
840: 3d
841: count
842: mb
843: chicken
844: fantastic
845: putting
846: mostly
847: missing
848: orange
849: slow
850: existing
851: shape
852: corner
853: highest
854: detail
855: described
856: bridge
857: starts
858: golden
859: meaning
860: switch
861: completed
862: inn
863: pair
864: imagine
865: fill
866: appears
867: units
868: leaving
869: object
870: indeed
871: placed
872: toward
873: seemed
874: truck
875: advance
876: fix
877: gun
878: asking
879: chair
880: arms
881: bear
882: adding
883: shit
884: sit
885: mention
886: domain
887: fixed
888: bowl
889: separate
890: cells
891: mouth
892: upper
893: pattern
894: missed
895: forest
896: sitting
897: remain
898: rise
899: diamond
900: leaves
901: platform
902: plants
903: aid
904: perform
905: trouble
906: signs
907: rain
908: broken
909: covers
910: religious
911: failed
912: holy
913: fly
914: attempt
915: catch
916: maintain
917: ends
918: continues
919: meant
920: slightly
921: filled
922: anywhere
923: eventually
924: standing
925: 4th
926: stick
927: explain
928: raised
929: unfortunately
930: okay
931: realize
932: height
933: sky
934: connect
935: hello
936: turns
937: connected
938: thats
939: removed
940: tough
941: fourth
942: tip
943: draw
944: plate
945: failure
946: flag
947: sad
948: exciting
949: stupid
950: louis
951: initial
952: ran
953: raise
954: musical
955: l.
956: arm
957: ms
958: experts
959: flower
960: supposed
961: twice
962: layer
963: etc
964: apparently
965: illinois
966: hole
967: matt
968: previously
969: wearing
970: worry
971: letters
972: portion
973: fighting
974: telling
975: extended
976: random
977: monitor
978: logo
979: bird
980: basically
981: instructions
982: ip
983: shirt
984: nine
985: toys
986: h.
987: bet
988: sick
989: noticed
990: apart
991: tells
992: hurt
993: bigger
994: lets
995: properly
996: manner
997: minor
998: purposes
999: somewhere
1000: hopefully
1001: joint
1002: shoot
1003: replace
1004: sides
1005: damn
1006: ya
1007: neck
1008: parent
1009: smile
1010: cutting
1011: accident
1012: colour
1013: row
1014: phase
1015: legs
1016: cap
1017: drawing
1018: closer
1019: matters
1020: 5th
1021: degrees
1022: contain
1023: flying
1024: neither
1025: breaking
1026: agreed
1027: anymore
1028: till
1029: pleasure
1030: garage
1031: concerns
1032: architecture
1033: bars
1034: clock
1035: perspective
1036: exist
1037: gorgeous
1038: viewed
1039: accurate
1040: leg
1041: strange
1042: supports
1043: extension
1044: attached
1045: perfectly
1046: hoping
1047: mouse
1048: heads
1049: supporting
1050: t.
1051: stands
1052: border
1053: haha
1054: familiar
1055: del
1056: directions
1057: objects
1058: follows
1059: vice
1060: birds
1061: riding
1062: giant
1063: mirror
1064: procedure
1065: bunch
1066: circle
1067: soccer
1068: controls
1069: remaining
1070: z
1071: besides
1072: fairly
1073: bell
1074: walls
1075: tower
1076: slowly
1077: dancing
1078: roof
1079: entirely
1080: tall
1081: shift
1082: sec
1083: branch
1084: rings
1085: gray
1086: technique
1087: exact
1088: directed
1089: lies
1090: ending
1091: purple
1092: depth
1093: abstract
1094: faces
1095: teeth
1096: somewhat
1097: empty
1098: convention
1099: boxes
1100: lift
1101: inner
1102: 6th
1103: describe
1104: shoulder
1105: blues
1106: facing
1107: realized
1108: weird
1109: ha
1110: fits
1111: dude
1112: keys
1113: 7th
1114: thick
1115: tables
1116: column
1117: tone
1118: stuck
1119: plane
1120: boss
1121: broke
1122: immediate
1123: surrounding
1124: coat
1125: blow
1126: checking
1127: lowest
1128: 8th
1129: lie
1130: blocks
1131: gate
1132: assume
1133: successfully
1134: strike
1135: scheme
1136: replaced
1137: falling
1138: castle
1139: lay
1140: opposite
1141: hang
1142: pot
1143: continuing
1144: keyboard
1145: setup
1146: width
1147: plot
1148: dimensions
1149: relative
1150: hip
1151: stretch
1152: broad
1153: slide
1154: andy
1155: configuration
1156: hanging
1157: fifth
1158: ur
1159: literally
1160: refer
1161: nose
1162: mistake
1163: finger
1164: careful
1165: headed
1166: rid
1167: dot
1168: staying
1169: xd
1170: inventory
1171: ultimately
1172: absolute
1173: covering
1174: kinda
1175: newest
1176: ill
1177: wise
1178: shadow
1179: harder
1180: ear
1181: th
1182: holes
1183: reverse
1184: mid
1185: angle
1186: crap
1187: loop
1188: gap
1189: suppose
1190: holder
1191: repeat
1192: instruction
1193: temporary
1194: newly
1195: reflect
1196: specified
1197: exposed
1198: delete
1199: grab
1200: laid
1201: sequence
1202: odd
1203: int
1204: narrow
1205: wing
1206: joke
1207: structures
1208: recall
1209: spots
1210: pitch
1211: forgot
1212: mess
1213: combine
1214: delay
1215: raising
1216: fault
1217: correctly
1218: heights
1219: wings
1220: rough
1221: challenging
1222: curious
1223: cherry
1224: glasses
1225: cam
1226: quit
1227: consists
1228: understood
1229: confused
1230: ah
1231: spaces
1232: bc
1233: extend
1234: pointed
1235: hop
1236: wrap
1237: na
1238: essentially
1239: fancy
1240: vertical
1241: omg
1242: skip
1243: initially
1244: tail
1245: olympic
1246: barely
1247: intense
1248: bits
1249: suspension
1250: boring
1251: confirm
1252: additionally
1253: ugly
1254: outer
1255: filling
1256: btw
1257: didnt
1258: colored
1259: complicated
1260: ears
1261: formation
1262: lying
1263: frames
1264: silly
1265: parallel
1266: symbol
1267: horrible
1268: experiment
1269: aka
1270: spin
1271: blank
1272: es
1273: shortly
1274: respectively
1275: layers
1276: roger
1277: locate
1278: colours
1279: respective
1280: tops
1281: disappointed
1282: multi
1283: connecting
1284: buddy
1285: finishing
1286: puzzle
1287: toilet
1288: zoom
1289: spectrum
1290: removing
1291: stem
1292: grid
1293: skirt
1294: tricks
1295: lil
1296: rely
1297: phrase
1298: sunset
1299: tile
1300: flip
1301: nasty
1302: basics
1303: spell
1304: shade
1305: ie
1306: interpretation
1307: stack
1308: surrounded
1309: yo
1310: shaped
1311: bearing
1312: wont
1313: nicely
1314: punch
1315: sorts
1316: deleted
1317: twist
1318: representing
1319: nearest
1320: pole
1321: rip
1322: annoying
1323: brick
1324: sixth
1325: mirrors
1326: artistic
1327: assuming
1328: placement
1329: robot
1330: 180
1331: hub
1332: um
1333: whats
1334: duck
1335: snap
1336: shapes
1337: shades
1338: threw
1339: 2d
1340: colorful
1341: bugs
1342: er
1343: awful
1344: edges
1345: examine
1346: rainbow
1347: linear
1348: remind
1349: curve
1350: lenses
1351: belong
1352: roughly
1353: fool
1354: drawings
1355: alongside
1356: badly
1357: fr
1358: doesnt
1359: forming
1360: ye
1361: repeated
1362: placing
1363: wherever
1364: gauge
1365: exclusively
1366: handles
1367: floating
1368: duo
1369: sits
1370: roller
1371: builder
1372: yea
1373: preferably
1374: beneath
1375: switching
1376: fork
1377: sp
1378: olympics
1379: connector
1380: pointing
1381: reflection
1382: similarly
1383: proceed
1384: closest
1385: confusion
1386: ea
1387: wider
1388: pickup
1389: differently
1390: swap
1391: arrow
1392: candle
1393: rotation
1394: shoulders
1395: congrats
1396: o.
1397: lined
1398: isolated
1399: magnificent
1400: adjacent
1401: corners
1402: butterfly
1403: trace
1404: waist
1405: difficulties
1406: shorter
1407: horizontal
1408: def
1409: precisely
1410: replacing
1411: ralph
1412: separated
1413: rim
1414: patience
1415: offset
1416: reminder
1417: confirmation
1418: flame
1419: architect
1420: rabbit
1421: heck
1422: branches
1423: specify
1424: banana
1425: tho
1426: cab
1427: commands
1428: neat
1429: reset
1430: transform
1431: snake
1432: orientation
1433: dimension
1434: suspended
1435: wtf
1436: substitute
1437: knock
1438: alright
1439: arc
1440: explaining
1441: correction
1442: mapping
1443: completing
1444: balloon
1445: antenna
1446: anyways
1447: pose
1448: axis
1449: translated
1450: easiest
1451: invisible
1452: symbols
1453: sculpture
1454: towers
1455: touching
1456: stairs
1457: shadows
1458: bases
1459: terrific
1460: lid
1461: lit
1462: uh
1463: yep
1464: greens
1465: chess
1466: yay
1467: columns
1468: extends
1469: huh
1470: monsters
1471: translate
1472: skinny
1473: ``
1474: headphones
1475: extensions
1476: longest
1477: incorrect
1478: extending
1479: smiling
1480: float
1481: eh
1482: hahaha
1483: spider
1484: witch
1485: builds
1486: outline
1487: arch
1488: consisting
1489: confusing
1490: finishes
1491: hmm
1492: switched
1493: hollow
1494: underneath
1495: triangle
1496: bent
1497: cycles
1498: sliding
1499: laying
1500: tiles
1501: attach
1502: explosion
1503: avatar
1504: pipeline
1505: typing
1506: bunny
1507: disco
1508: bye
1509: bust
1510: planes
1511: ot
1512: chill
1513: rows
1514: temp
1515: oriented
1516: flush
1517: mug
1518: flowing
1519: mic
1520: isnt
1521: strawberry
1522: kidding
1523: cube
1524: worries
1525: playground
1526: awkward
1527: tier
1528: magnet
1529: pretend
1530: pixel
1531: sticking
1532: pl
1533: varying
1534: kicking
1535: touches
1536: straps
1537: consist
1538: ladder
1539: dancer
1540: mickey
1541: lone
1542: backpack
1543: disappeared
1544: guessing
1545: hardest
1546: cozy
1547: boundary
1548: scrap
1549: funky
1550: tit
1551: demon
1552: backwards
1553: positioning
1554: theres
1555: elevated
1556: umbrella
1557: angles
1558: upside
1559: apologize
1560: ta
1561: hype
1562: crude
1563: rounded
1564: corrections
1565: staring
1566: hmmm
1567: triumph
1568: elevation
1569: elbow
1570: coordinate
1571: lmao
1572: thankfully
1573: comparisons
1574: closes
1575: monument
1576: minus
1577: tricky
1578: rebuild
1579: ti
1580: connects
1581: smoothly
1582: bud
1583: coordinates
1584: stance
1585: scattered
1586: intersection
1587: aesthetic
1588: hips
1589: nope
1590: centered
1591: crane
1592: elaborate
1593: marking
1594: halfway
1595: slope
1596: spiral
1597: admire
1598: pi
1599: oops
1600: gut
1601: clarify
1602: simpler
1603: upright
1604: torch
1605: rn
1606: outlined
1607: throne
1608: darker
1609: wedge
1610: intact
1611: rotating
1612: ou
1613: ts
1614: reds
1615: squares
1616: gaps
1617: slipped
1618: dow
1619: pls
1620: masterpiece
1621: pyramid
1622: clown
1623: resting
1624: stained
1625: spells
1626: youre
1627: worm
1628: tow
1629: yup
1630: ornament
1631: rectangular
1632: lastly
1633: unclear
1634: wasnt
1635: chop
1636: undo
1637: champ
1638: fills
1639: wholly
1640: farther
1641: wrapping
1642: footprint
1643: vague
1644: repeating
1645: shifted
1646: majestic
1647: tick
1648: premature
1649: cupcake
1650: upward
1651: remake
1652: headlights
1653: ant
1654: evenly
1655: align
1656: amen
1657: arbitrary
1658: rotate
1659: ornaments
1660: creators
1661: ugh
1662: unite
1663: fin
1664: simulator
1665: vase
1666: crosses
1667: carrot
1668: stacked
1669: 3-5
1670: reversed
1671: coaster
1672: messed
1673: pk
1674: restoring
1675: aligned
1676: couldnt
1677: chunk
1678: camel
1679: backward
1680: sided
1681: aw
1682: downward
1683: dope
1684: magnets
1685: hex
1686: bricks
1687: inter
1688: continuation
1689: atop
1690: inspect
1691: versa
1692: woo
1693: rectangle
1694: bending
1695: curl
1696: bounds
1697: wan
1698: minecraft
1699: typed
1700: nah
1701: hangs
1702: maze
1703: digits
1704: teh
1705: flawless
1706: imaginary
1707: 3-d
1708: programmed
1709: rebuilt
1710: upwards
1711: singular
1712: cubes
1713: viewpoint
1714: completes
1715: watering
1716: demolition
1717: whoa
1718: brace
1719: tripod
1720: ooh
1721: taller
1722: perimeter
1723: lays
1724: rests
1725: kettle
1726: hen
1727: foo
1728: hm
1729: headphone
1730: overflow
1731: dimensional
1732: assemblies
1733: pillar
1734: geometric
1735: confuse
1736: blueprint
1737: stacks
1738: nailed
1739: x3
1740: shitty
1741: 3-1
1742: overlap
1743: resemble
1744: mans
1745: temps
1746: outward
1747: standby
1748: pardon
1749: glitch
1750: separating
1751: ahh
1752: smiley
1753: montage
1754: cheddar
1755: deleting
1756: spacing
1757: forwards
1758: traced
1759: slab
1760: oranges
1761: pf
1762: waving
1763: ned
1764: ean
1765: a2
1766: vines
1767: arent
1768: pillars
1769: np
1770: tedious
1771: spaced
1772: moderately
1773: nifty
1774: cherries
1775: crawling
1776: vertically
1777: suffice
1778: checker
1779: uneven
1780: spans
1781: sideways
1782: petals
1783: skipping
1784: err
1785: gpa
1786: staircase
1787: flipped
1788: goofy
1789: idk
1790: repeats
1791: jk
1792: swirl
1793: preferable
1794: wil
1795: misunderstood
1796: punched
1797: doorway
1798: cactus
1799: donuts
1800: alternating
1801: recreate
1802: ctrl
1803: replicate
1804: floats
1805: curling
1806: diagonal
1807: attaching
1808: ike
1809: nay
1810: mcdonalds
1811: presume
1812: sorta
1813: prism
1814: ish
1815: stacking
1816: recognizable
1817: inverted
1818: dotted
1819: widest
1820: prob
1821: typo
1822: hurdles
1823: kool
1824: placeholder
1825: ob
1826: vaguely
1827: mirrored
1828: mimic
1829: symmetry
1830: inward
1831: gg
1832: stair
1833: overlapping
1834: torso
1835: eb
1836: arches
1837: tallest
1838: ambiguous
1839: facet
1840: ohm
1841: hurdle
1842: orient
1843: ther
1844: 4-3
1845: x4
1846: yah
1847: angled
1848: inverse
1849: yikes
1850: broom
1851: horizontally
1852: theyre
1853: parachute
1854: dw
1855: vibes
1856: obnoxious
1857: spout
1858: rotated
1859: bunnies
1860: ohh
1861: trajectory
1862: donut
1863: giraffe
1864: poking
1865: horseshoe
1866: youve
1867: thingy
1868: ont
1869: shifter
1870: apologized
1871: backside
1872: oooh
1873: ketchup
1874: ascending
1875: dangling
1876: hovering
1877: isn
1878: stalk
1879: ooo
1880: rigging
1881: perpendicular
1882: asterisk
1883: triangles
1884: 1s
1885: windmill
1886: ummm
1887: crook
1888: underside
1889: redo
1890: kk
1891: eiffel
1892: nevermind
1893: shouldnt
1894: hump
1895: beep
1896: imitate
1897: walkway
1898: railing
1899: clockwise
1900: anatomical
1901: i.e
1902: ballerina
1903: tilted
1904: voila
1905: bodied
1906: tetris
1907: howdy
1908: guesses
1909: teapot
1910: turret
1911: nie
1912: ini
1913: chute
1914: noe
1915: tutu
1916: stairway
1917: 10/10
1918: ohhh
1919: skyscraper
1920: biggie
1921: branching
1922: angling
1923: kneeling
1924: symmetrical
1925: gon
1926: hangar
1927: pitchfork
1928: whoops
1929: frown
1930: interlocking
1931: messes
1932: typos
1933: figurative
1934: checkered
1935: trident
1936: restarted
1937: obscured
1938: sloping
1939: xyz
1940: legged
1941: lagging
1942: symmetric
1943: phew
1944: diseased
1945: rotations
1946: protruding
1947: yee
1948: tbh
1949: centering
1950: encased
1951: uhh
1952: mea
1953: downwards
1954: pluck
1955: farthest
1956: mouthful
1957: surfboard
1958: uhm
1959: spire
1960: couldn
1961: deletes
1962: infront
1963: multicolor
1964: hola
1965: mirroring
1966: nwo
1967: gotcha
1968: zig
1969: hows
1970: slanted
1971: interlock
1972: wer
1973: top-down
1974: furthest
1975: pur
1976: radiating
1977: e.g
1978: gr8
1979: observant
1980: concentric
1981: orthogonal
1982: lols
1983: diagonally
1984: threes
1985: ooooh
1986: touchy
1987: rectangles
1988: orientations
1989: suspiciously
1990: polygons
1991: prefect
1992: ''
1993: endpoints
1994: alittle
1995: bock
1996: headrest
1997: orientated
1998: perf
1999: demented
2000: scoot
2001: tok
2002: multicolored
2003: upside-down
2004: lowercase
2005: yellows
2006: intents
2007: pus
2008: boop
2009: poppin
2010: duplicating
2011: spiraling
2012: whoo
2013: cursive
2014: superimposed
2015: loner
2016: gj
2017: aligns
2018: alternates
2019: backtrack
2020: midpoint
2021: inbetween
2022: braced
2023: beheaded
2024: wonky
2025: overhang
2026: checkerboard
2027: nvm
2028: misread
2029: zag
2030: overlaps
2031: t6
2032: oooo
2033: onthe
2034: lunge
2035: jsut
2036: antennae
2037: outwards
2038: centerline
2039: innermost
2040: warmup
2041: foward
2042: loopy
2043: candelabra
2044: uhhh
2045: invariant
2046: archway
2047: rephrase
2048: taht
2049: seperated
2050: liek
2051: shakin
2052: staircases
2053: givin
2054: yous
2055: hte
2056: boxy
2057: blue-green
2058: piqued
2059: uppercase
2060: inwards
2061: cornet
2062: lem
2063: grr
2064: obelisk
2065: prongs
2066: okie
2067: humps
2068: pis
2069: nother
2070: phrased
2071: wordy
2072: outermost
2073: squint
2074: d0
2075: crevice
2076: thusly
2077: purples
2078: frome
2079: orang
2080: fron
2081: horseshoes
2082: overhanging
2083: sor
2084: enought
2085: 2,3
2086: ahve
2087: topmost
2088: miscommunication
2089: pinwheel
2090: 0,1
2091: anjali
2092: hollowed
2093: salut
2094: okey
2095: ince
2096: itll
2097: ooooo
2098: yas
2099: hallow
2100: shouldn
2101: 1,1
2102: yeas
2103: stairways
2104: jutting
2105: sould
2106: peices
2107: hing
2108: cwc
2109: jut
2110: 0,0
2111: outcrop
2112: aight
2113: kep
2114: blocky
2115: uy
2116: peasy
2117: gree
2118: oka
2119: interlinked
2120: itd
2121: elp
2122: handstand
2123: doozy
2124: tims
2125: ontop
2126: stepwise
2127: overhangs
2128: 3u
2129: alrighty
2130: bett
2131: yello
2132: fromthe
2133: oof
2134: righting
2135: symmetrically
2136: nthe
2137: coool
2138: righ
2139: yeahhh
2140: uhhhh
2141: pmg
2142: placeholders
2143: lmk
2144: aright
2145: blok
2146: juts
2147: colum
2148: gues
2149: appart
2150: oher
2151: iof
2152: 1.
2153: gird
2154: diagonals
2155: whooo
2156: doen
2157: thsi
2158: greate
2159: leftmost
2160: jist
2161: re-make
2162: oyu
2163: 2.
2164: witht
2165: 2,1
2166: mhm
2167: lorde
2168: sory
2169: thers
2170: lege
2171: noice
2172: onr
2173: actuall
2174: shoudl
2175: oaky
2176: rightmost
2177: seperating
2178: double-checked
2179: everyting
2180: yeller
2181: gim
2182: 3,3
2183: booyah
2184: yessir
2185: purp
2186: heo
2187: rigth
2188: 3,2
2189: chegg
2190: misspoke
2191: fisrt
2192: verticle
2193: righthand
2194: nicee
2195: problemo
2196: blck
2197: 1/4th
2198: glitching
2199: doorframe
2200: oen
2201: tiem
2202: anothe
2203: yeehaw
2204: fromt
2205: palce
2206: sqaure
2207: curent
2208: hiii
2209: heigh
2210: gren
2211: when/where
2212: orage
2213: blut
2214: l-shape
2215: u-turns
2216: bothe
2217: gex
2218: forgotton
2219: 4,3
2220: rone
2221: misson
2222: niceee
2223: red-head
2224: 3-3-3
2225: v-shape
2226: dokie
2227: conected
2228: ayy
2229: otehr
2230: ok.
2231: onw
2232: creen
2233: eys
2234: betwee
2235: top-most
2236: loks
2237: bewteen
2238: midle
2239: 5,3
2240: left-most
2241: theother
2242: loooking
2243: thata
2244: 6.
2245: deisgn
2246: midpoints
2247: doke
2248: 7.
2249: belltower
2250: symetrical
2251: uuh
2252: doyou
2253: 10.
2254: gonig
2255: 8.
2256: paralell
2257: right-most
2258: parrallel
2259: muf
2260: refernce
2261: collor
2262: ncie
2263: yeha
2264: tyhe
2265: isde
2266: heyo
2267: thge
2268: greeen
2269: snakey
2270: swtich
2271: plae
2272: righto
2273: yellow/red
2274: bocks
2275: goint
2276: blus
2277: yelow
2278: f-ed
2279: donw
2280: nailin
2281: rght
2282: tridents
2283: yed
2284: mve
2285: lettere
2286: worrie
2287: finsih
2288: sqare
2289: botom
2290: twon
2291: juist
2292: leftish
2293: of2
2294: ffrom
2295: abar
2296: mkae
2297: puple
2298: eminating
2299: horizonal
2300: imean
2301: miscounted
2302: plue
2303: greaat
2304: bottome
2305: paralel
2306: right-turn
2307: squre
2308: ornge
2309: sweeeeeeet
2310: wair
2311: dwon
2312: egg-cellent
2313: bottommost
2314: wwo
2315: seond
2316: anotehr
2317: perferably
2318: centermost
2319: betweem
2320: multi-floor
2321: octogon
2322: longside
2323: juust
2324: one-block
2325: currentl
2326: whold
2327: okkk
2328: rred
2329: nexts
2330: mistyping
2331: tthere
2332: emtpy
2333: eggcellent
2334: connectin
2335: block-long
2336: likr
2337: bluck
2338: symetric
2339: stairstep
2340: 2red
2341: bacl
2342: towrds
2343: youw
2344: stuctures
2345: corrent
2346: 8-line
2347: ornage
2348: itwith
2349: getr
2350: wxlxh
2351: ywa
2352: enterence
2353: gorund
2354: location-wise
2355: goind
2356: vertically-oriented
2357: topright
2358: thecenter
2359: orane
2360: levle
2361: likethat
2362: 5up
2363: 1,2,1
2364: pruple
2365: puit
2366: nowadd
2367: iok
2368: organge
2369: gotchu
2370: nowon
2371: nowplease
2372: 3-wide
2373: organe
2374: spacs
2375: cneter
2376: hsould
2377: 9-line
2378: strucure
2379: palte
2380: perfecty
2381: backmost
2382: centere
2383: feet/legs
2384: cammel
2385: greata
2386: roght
2387: veritcal
2388: underneat
2389: cetner
2390: wherer
2391: thirs
2392: oragne
2393: endmost
2394: centerd
2395: abover
2396: neck/head
2397: bird-eye
2398: perpindicular
2399: conects
2400: twoards
2401: wym
2402: horizantal
2403: onte
2404: blcok
2405: done.that
2406: rright
2407: verticaly
2408: tthen
2409: conenct
2410: yex
2411: aonther
2412: horeshoe
2413: purpel
2414: purple-green
2415: awaay
2416: diagnol
2417: palced
2418: scafolding
2419: shapr
2420: aaway
2421: diuble
2422: differetn
2423: origanl
2424: buildig
2425: hecl
2426: oneoff
2427: placce
2428: rectange
2429: elook
2430: 2-block
2431: blackspace
2432: eitherside
2433: vetical
2434: mvoe
2435: conncted
2436: behidn
2437: 2,1,2
2438: yyp
2439: okiedokie
2440: snek
2441: frorm
2442: roated
2443: greeeeeat
2444: endge
2445: opposide
2446: flaoting
2447: oraneg
2448: strcuture
2449: 1-space
2450: weay
2451: exacltly
2452: secone
2453: shortside
2454: 3-stack
2455: wrow
2456: 1-gap
2457: morethey
2458: thecross
2459: anothre
2460: doublechecking
2461: leght
2462: heyoo
2463: roate
2464: purpe
2465: eblue
2466: allthree
2467: middle-ish
2468: stair-like
2469: usesd
2470: ecin
2471: remvoe
2472: <unk>

Wrote word counts to ../vocabulary/../vocabulary/glove.42B.300d-lower-1r-speaker-oov_as_unk-all_splits/ 

Saving the vocabulary ...
Saved the vocabulary to '/Users/Anjali/Documents/UIUC/research/CwC/BlocksWorld/Minecraft/cwc-minecraft-models/vocabulary/glove.42B.300d-lower-1r-speaker-oov_as_unk-all_splits/vocab.pkl'
Total vocabulary size: 2473
